{"t":{"$date":"2026-04-30T10:49:13.485+00:00"},"s":"I",  "c":"CONTROL",  "id":23285,   "ctx":"-","msg":"Automatically disabling TLS 1.0, to force-enable TLS 1.0 specify --sslDisabledProtocols 'none'"}
{"t":{"$date":"2026-04-30T10:49:13.486+00:00"},"s":"I",  "c":"NETWORK",  "id":4915701, "ctx":"main","msg":"Initialized wire specification","attr":{"spec":{"incomingExternalClient":{"minWireVersion":0,"maxWireVersion":17},"incomingInternalClient":{"minWireVersion":0,"maxWireVersion":17},"outgoing":{"minWireVersion":6,"maxWireVersion":17},"isInternalClient":true}}}
{"t":{"$date":"2026-04-30T10:49:13.488+00:00"},"s":"I",  "c":"NETWORK",  "id":4648601, "ctx":"main","msg":"Implicit TCP FastOpen unavailable. If TCP FastOpen is required, set tcpFastOpenServer, tcpFastOpenClient, and tcpFastOpenQueueSize."}
{"t":{"$date":"2026-04-30T10:49:13.517+00:00"},"s":"I",  "c":"REPL",     "id":5123008, "ctx":"main","msg":"Successfully registered PrimaryOnlyService","attr":{"service":"TenantMigrationDonorService","namespace":"config.tenantMigrationDonors"}}
{"t":{"$date":"2026-04-30T10:49:13.517+00:00"},"s":"I",  "c":"REPL",     "id":5123008, "ctx":"main","msg":"Successfully registered PrimaryOnlyService","attr":{"service":"TenantMigrationRecipientService","namespace":"config.tenantMigrationRecipients"}}
{"t":{"$date":"2026-04-30T10:49:13.517+00:00"},"s":"I",  "c":"REPL",     "id":5123008, "ctx":"main","msg":"Successfully registered PrimaryOnlyService","attr":{"service":"ShardSplitDonorService","namespace":"config.tenantSplitDonors"}}
{"t":{"$date":"2026-04-30T10:49:13.518+00:00"},"s":"I",  "c":"CONTROL",  "id":5945603, "ctx":"main","msg":"Multi threading initialized"}
{"t":{"$date":"2026-04-30T10:49:13.518+00:00"},"s":"I",  "c":"CONTROL",  "id":4615611, "ctx":"initandlisten","msg":"MongoDB starting","attr":{"pid":1708,"port":27017,"dbPath":".","architecture":"64-bit","host":"e9397cca3d80"}}
{"t":{"$date":"2026-04-30T10:49:13.519+00:00"},"s":"I",  "c":"CONTROL",  "id":23403,   "ctx":"initandlisten","msg":"Build Info","attr":{"buildInfo":{"version":"6.0.27","gitVersion":"fc88ca137231d7457aed6265d4f32a361ae71716","openSSLVersion":"OpenSSL 3.0.13 30 Jan 2024","modules":[],"allocator":"tcmalloc","environment":{"distmod":"ubuntu2204","distarch":"aarch64","target_arch":"aarch64"}}}}
{"t":{"$date":"2026-04-30T10:49:13.519+00:00"},"s":"I",  "c":"CONTROL",  "id":51765,   "ctx":"initandlisten","msg":"Operating System","attr":{"os":{"name":"Ubuntu","version":"24.04"}}}
{"t":{"$date":"2026-04-30T10:49:13.519+00:00"},"s":"I",  "c":"CONTROL",  "id":21951,   "ctx":"initandlisten","msg":"Options set by command line","attr":{"options":{"net":{"bindIp":"localhost","port":27017},"replication":{"replSet":"mr1"},"security":{"keyFile":"/tmp/appsmith/mongodb-key"},"storage":{"dbPath":"."},"systemLog":{"destination":"file","path":"/appsmith-stacks/logs/mongodb/db.log"}}}}
{"t":{"$date":"2026-04-30T10:49:13.522+00:00"},"s":"W",  "c":"STORAGE",  "id":22271,   "ctx":"initandlisten","msg":"Detected unclean shutdown - Lock file is not empty","attr":{"lockFile":"./mongod.lock"}}
{"t":{"$date":"2026-04-30T10:49:13.523+00:00"},"s":"I",  "c":"STORAGE",  "id":22270,   "ctx":"initandlisten","msg":"Storage engine to use detected by data files","attr":{"dbpath":".","storageEngine":"wiredTiger"}}
{"t":{"$date":"2026-04-30T10:49:13.524+00:00"},"s":"W",  "c":"STORAGE",  "id":22302,   "ctx":"initandlisten","msg":"Recovering data from the last clean checkpoint."}
{"t":{"$date":"2026-04-30T10:49:13.526+00:00"},"s":"I",  "c":"STORAGE",  "id":22315,   "ctx":"initandlisten","msg":"Opening WiredTiger","attr":{"config":"create,cache_size=1447M,session_max=33000,eviction=(threads_min=4,threads_max=4),config_base=false,statistics=(fast),log=(enabled=true,remove=true,path=journal,compressor=snappy),builtin_extension_config=(zstd=(compression_level=6)),file_manager=(close_idle_time=600,close_scan_interval=10,close_handle_minimum=2000),statistics_log=(wait=0),json_output=(error,message),verbose=[recovery_progress:1,checkpoint_progress:1,compact_progress:1,backup:0,checkpoint:0,compact:0,evict:0,history_store:0,recovery:0,rts:0,salvage:0,tiered:0,timestamp:0,transaction:0,verify:0,log:0],"}}
{"t":{"$date":"2026-04-30T10:49:14.256+00:00"},"s":"I",  "c":"WTRECOV",  "id":22430,   "ctx":"initandlisten","msg":"WiredTiger message","attr":{"message":{"ts_sec":1777546154,"ts_usec":256150,"thread":"1708:0xffffa856b040","session_name":"txn-recover","category":"WT_VERB_RECOVERY_PROGRESS","category_id":30,"verbose_level":"DEBUG","verbose_level_id":1,"msg":"Recovering log 6 through 7"}}}
{"t":{"$date":"2026-04-30T10:49:14.359+00:00"},"s":"I",  "c":"WTRECOV",  "id":22430,   "ctx":"initandlisten","msg":"WiredTiger message","attr":{"message":{"ts_sec":1777546154,"ts_usec":359319,"thread":"1708:0xffffa856b040","session_name":"txn-recover","category":"WT_VERB_RECOVERY_PROGRESS","category_id":30,"verbose_level":"DEBUG","verbose_level_id":1,"msg":"Recovering log 7 through 7"}}}
{"t":{"$date":"2026-04-30T10:49:14.474+00:00"},"s":"I",  "c":"WTRECOV",  "id":22430,   "ctx":"initandlisten","msg":"WiredTiger message","attr":{"message":{"ts_sec":1777546154,"ts_usec":474751,"thread":"1708:0xffffa856b040","session_name":"txn-recover","category":"WT_VERB_RECOVERY_PROGRESS","category_id":30,"verbose_level":"DEBUG","verbose_level_id":1,"msg":"Main recovery loop: starting at 6/80384 to 7/256"}}}
{"t":{"$date":"2026-04-30T10:49:14.480+00:00"},"s":"I",  "c":"WTRECOV",  "id":22430,   "ctx":"initandlisten","msg":"WiredTiger message","attr":{"message":{"ts_sec":1777546154,"ts_usec":480239,"thread":"1708:0xffffa856b040","session_name":"txn-recover","category":"WT_VERB_RECOVERY_PROGRESS","category_id":30,"verbose_level":"DEBUG","verbose_level_id":1,"msg":"Recovering log 6 through 7"}}}
{"t":{"$date":"2026-04-30T10:49:14.616+00:00"},"s":"I",  "c":"WTRECOV",  "id":22430,   "ctx":"initandlisten","msg":"WiredTiger message","attr":{"message":{"ts_sec":1777546154,"ts_usec":616322,"thread":"1708:0xffffa856b040","session_dhandle_name":"file:collection-0-7378757860931095060.wt","session_name":"txn-recover","category":"WT_VERB_RECOVERY_PROGRESS","category_id":30,"verbose_level":"DEBUG","verbose_level_id":1,"msg":"Recovering log 7 through 7"}}}
{"t":{"$date":"2026-04-30T10:49:14.636+00:00"},"s":"I",  "c":"WTRECOV",  "id":22430,   "ctx":"initandlisten","msg":"WiredTiger message","attr":{"message":{"ts_sec":1777546154,"ts_usec":636552,"thread":"1708:0xffffa856b040","session_dhandle_name":"file:collection-0-7378757860931095060.wt","session_name":"txn-recover","category":"WT_VERB_RECOVERY_PROGRESS","category_id":30,"verbose_level":"DEBUG","verbose_level_id":1,"msg":"recovery log replay has successfully finished and ran for 381 milliseconds"}}}
{"t":{"$date":"2026-04-30T10:49:14.636+00:00"},"s":"I",  "c":"WTRECOV",  "id":22430,   "ctx":"initandlisten","msg":"WiredTiger message","attr":{"message":{"ts_sec":1777546154,"ts_usec":636791,"thread":"1708:0xffffa856b040","session_dhandle_name":"file:collection-0-7378757860931095060.wt","session_name":"txn-recover","category":"WT_VERB_RECOVERY_PROGRESS","category_id":30,"verbose_level":"DEBUG","verbose_level_id":1,"msg":"Set global recovery timestamp: (1777546112, 1)"}}}
{"t":{"$date":"2026-04-30T10:49:14.636+00:00"},"s":"I",  "c":"WTRECOV",  "id":22430,   "ctx":"initandlisten","msg":"WiredTiger message","attr":{"message":{"ts_sec":1777546154,"ts_usec":636869,"thread":"1708:0xffffa856b040","session_dhandle_name":"file:collection-0-7378757860931095060.wt","session_name":"txn-recover","category":"WT_VERB_RECOVERY_PROGRESS","category_id":30,"verbose_level":"DEBUG","verbose_level_id":1,"msg":"Set global oldest timestamp: (1777545812, 1)"}}}
{"t":{"$date":"2026-04-30T10:49:14.639+00:00"},"s":"I",  "c":"WTRECOV",  "id":22430,   "ctx":"initandlisten","msg":"WiredTiger message","attr":{"message":{"ts_sec":1777546154,"ts_usec":639036,"thread":"1708:0xffffa856b040","session_dhandle_name":"file:collection-0-7378757860931095060.wt","session_name":"txn-recover","category":"WT_VERB_RECOVERY_PROGRESS","category_id":30,"verbose_level":"DEBUG","verbose_level_id":1,"msg":"recovery rollback to stable has successfully finished and ran for 1 milliseconds"}}}
{"t":{"$date":"2026-04-30T10:49:14.644+00:00"},"s":"I",  "c":"WTCHKPT",  "id":22430,   "ctx":"initandlisten","msg":"WiredTiger message","attr":{"message":{"ts_sec":1777546154,"ts_usec":644430,"thread":"1708:0xffffa856b040","session_name":"WT_SESSION.checkpoint","category":"WT_VERB_CHECKPOINT_PROGRESS","category_id":6,"verbose_level":"DEBUG","verbose_level_id":1,"msg":"saving checkpoint snapshot min: 27, snapshot max: 27 snapshot count: 0, oldest timestamp: (1777545812, 1) , meta checkpoint timestamp: (1777546112, 1) base write gen: 2785"}}}
{"t":{"$date":"2026-04-30T10:49:14.651+00:00"},"s":"I",  "c":"WTRECOV",  "id":22430,   "ctx":"initandlisten","msg":"WiredTiger message","attr":{"message":{"ts_sec":1777546154,"ts_usec":651111,"thread":"1708:0xffffa856b040","session_dhandle_name":"file:collection-0-7378757860931095060.wt","session_name":"txn-recover","category":"WT_VERB_RECOVERY_PROGRESS","category_id":30,"verbose_level":"DEBUG","verbose_level_id":1,"msg":"recovery checkpoint has successfully finished and ran for 11 milliseconds"}}}
{"t":{"$date":"2026-04-30T10:49:14.651+00:00"},"s":"I",  "c":"WTRECOV",  "id":22430,   "ctx":"initandlisten","msg":"WiredTiger message","attr":{"message":{"ts_sec":1777546154,"ts_usec":651772,"thread":"1708:0xffffa856b040","session_dhandle_name":"file:collection-0-7378757860931095060.wt","session_name":"txn-recover","category":"WT_VERB_RECOVERY_PROGRESS","category_id":30,"verbose_level":"DEBUG","verbose_level_id":1,"msg":"recovery was completed successfully and took 396ms, including 381ms for the log replay, 1ms for the rollback to stable, and 11ms for the checkpoint."}}}
{"t":{"$date":"2026-04-30T10:49:14.653+00:00"},"s":"I",  "c":"STORAGE",  "id":4795906, "ctx":"initandlisten","msg":"WiredTiger opened","attr":{"durationMillis":1127}}
{"t":{"$date":"2026-04-30T10:49:14.653+00:00"},"s":"I",  "c":"RECOVERY", "id":23987,   "ctx":"initandlisten","msg":"WiredTiger recoveryTimestamp","attr":{"recoveryTimestamp":{"$timestamp":{"t":1777546112,"i":1}}}}
{"t":{"$date":"2026-04-30T10:49:14.653+00:00"},"s":"I",  "c":"RECOVERY", "id":5380106, "ctx":"initandlisten","msg":"WiredTiger oldestTimestamp","attr":{"oldestTimestamp":{"$timestamp":{"t":1777545812,"i":1}}}}
{"t":{"$date":"2026-04-30T10:49:14.726+00:00"},"s":"I",  "c":"STORAGE",  "id":22383,   "ctx":"initandlisten","msg":"The size storer reports that the oplog contains","attr":{"numRecords":1583,"dataSize":3500030}}
{"t":{"$date":"2026-04-30T10:49:14.726+00:00"},"s":"I",  "c":"STORAGE",  "id":22384,   "ctx":"initandlisten","msg":"Scanning the oplog to determine where to place markers for truncation"}
{"t":{"$date":"2026-04-30T10:49:14.728+00:00"},"s":"I",  "c":"STORAGE",  "id":22382,   "ctx":"initandlisten","msg":"WiredTiger record store oplog processing finished","attr":{"durationMillis":2}}
{"t":{"$date":"2026-04-30T10:49:14.739+00:00"},"s":"W",  "c":"CONTROL",  "id":22138,   "ctx":"initandlisten","msg":"You are running this process as the root user, which is not recommended","tags":["startupWarnings"]}
{"t":{"$date":"2026-04-30T10:49:14.739+00:00"},"s":"W",  "c":"CONTROL",  "id":22178,   "ctx":"initandlisten","msg":"/sys/kernel/mm/transparent_hugepage/enabled is 'always'. We suggest setting it to 'never' in this binary version","tags":["startupWarnings"]}
{"t":{"$date":"2026-04-30T10:49:14.739+00:00"},"s":"W",  "c":"CONTROL",  "id":5123300, "ctx":"initandlisten","msg":"vm.max_map_count is too low","attr":{"currentValue":262144,"recommendedMinimum":1677720,"maxConns":838860},"tags":["startupWarnings"]}
{"t":{"$date":"2026-04-30T10:49:14.745+00:00"},"s":"I",  "c":"NETWORK",  "id":4915702, "ctx":"initandlisten","msg":"Updated wire specification","attr":{"oldSpec":{"incomingExternalClient":{"minWireVersion":0,"maxWireVersion":17},"incomingInternalClient":{"minWireVersion":0,"maxWireVersion":17},"outgoing":{"minWireVersion":6,"maxWireVersion":17},"isInternalClient":true},"newSpec":{"incomingExternalClient":{"minWireVersion":0,"maxWireVersion":17},"incomingInternalClient":{"minWireVersion":17,"maxWireVersion":17},"outgoing":{"minWireVersion":17,"maxWireVersion":17},"isInternalClient":true}}}
{"t":{"$date":"2026-04-30T10:49:14.745+00:00"},"s":"I",  "c":"REPL",     "id":5853300, "ctx":"initandlisten","msg":"current featureCompatibilityVersion value","attr":{"featureCompatibilityVersion":"6.0","context":"startup"}}
{"t":{"$date":"2026-04-30T10:49:14.745+00:00"},"s":"I",  "c":"STORAGE",  "id":5071100, "ctx":"initandlisten","msg":"Clearing temp directory"}
{"t":{"$date":"2026-04-30T10:49:14.782+00:00"},"s":"I",  "c":"CONTROL",  "id":20536,   "ctx":"initandlisten","msg":"Flow Control is enabled on this deployment"}
{"t":{"$date":"2026-04-30T10:49:14.782+00:00"},"s":"I",  "c":"STORAGE",  "id":5380103, "ctx":"initandlisten","msg":"Unpin oldest timestamp request","attr":{"service":"_wt_startup","requestedTs":{"$timestamp":{"t":1777545812,"i":1}}}}
{"t":{"$date":"2026-04-30T10:49:14.784+00:00"},"s":"I",  "c":"FTDC",     "id":20625,   "ctx":"initandlisten","msg":"Initializing full-time diagnostic data capture","attr":{"dataDirectory":"./diagnostic.data"}}
{"t":{"$date":"2026-04-30T10:49:14.800+00:00"},"s":"I",  "c":"REPL",     "id":6015317, "ctx":"initandlisten","msg":"Setting new configuration state","attr":{"newState":"ConfigStartingUp","oldState":"ConfigPreStart"}}
{"t":{"$date":"2026-04-30T10:49:14.801+00:00"},"s":"I",  "c":"REPL",     "id":6005300, "ctx":"initandlisten","msg":"Starting up replica set aware services"}
{"t":{"$date":"2026-04-30T10:49:14.803+00:00"},"s":"I",  "c":"REPL",     "id":4280500, "ctx":"initandlisten","msg":"Attempting to create internal replication collections"}
{"t":{"$date":"2026-04-30T10:49:14.804+00:00"},"s":"I",  "c":"-",        "id":4939300, "ctx":"monitoring-keys-for-HMAC","msg":"Failed to refresh key cache","attr":{"error":"ReadConcernMajorityNotAvailableYet: Read concern majority reads are currently not possible.","nextWakeupMillis":200}}
{"t":{"$date":"2026-04-30T10:49:14.806+00:00"},"s":"I",  "c":"REPL",     "id":4280501, "ctx":"initandlisten","msg":"Attempting to load local voted for document"}
{"t":{"$date":"2026-04-30T10:49:14.806+00:00"},"s":"I",  "c":"REPL",     "id":4280502, "ctx":"initandlisten","msg":"Searching for local Rollback ID document"}
{"t":{"$date":"2026-04-30T10:49:14.810+00:00"},"s":"I",  "c":"REPL",     "id":21529,   "ctx":"initandlisten","msg":"Initializing rollback ID","attr":{"rbid":3}}
{"t":{"$date":"2026-04-30T10:49:14.810+00:00"},"s":"I",  "c":"REPL",     "id":501401,  "ctx":"initandlisten","msg":"Incrementing the rollback ID after unclean shutdown"}
{"t":{"$date":"2026-04-30T10:49:14.812+00:00"},"s":"I",  "c":"REPL",     "id":21532,   "ctx":"initandlisten","msg":"Incremented the rollback ID","attr":{"rbid":4}}
{"t":{"$date":"2026-04-30T10:49:14.812+00:00"},"s":"I",  "c":"REPL",     "id":4280504, "ctx":"initandlisten","msg":"Cleaning up any partially applied oplog batches & reading last op from oplog"}
{"t":{"$date":"2026-04-30T10:49:14.814+00:00"},"s":"I",  "c":"REPL",     "id":21557,   "ctx":"initandlisten","msg":"Removing unapplied oplog entries after oplogTruncateAfterPoint","attr":{"oplogTruncateAfterPoint":{"":{"$timestamp":{"t":1777546144,"i":2}}}}}
{"t":{"$date":"2026-04-30T10:49:14.814+00:00"},"s":"I",  "c":"REPL",     "id":21553,   "ctx":"initandlisten","msg":"Truncating oplog from truncateAfterOplogEntryTimestamp (non-inclusive)","attr":{"truncateAfterOplogEntryTimestamp":{"$timestamp":{"t":1777546144,"i":2}},"oplogTruncateAfterPoint":{"$timestamp":{"t":1777546144,"i":2}}}}
{"t":{"$date":"2026-04-30T10:49:14.814+00:00"},"s":"I",  "c":"REPL",     "id":21554,   "ctx":"initandlisten","msg":"Replication recovery oplog truncation finished","attr":{"durationMillis":0}}
{"t":{"$date":"2026-04-30T10:49:14.815+00:00"},"s":"I",  "c":"CONTROL",  "id":6608200, "ctx":"initandlisten","msg":"Initializing cluster server parameters from disk"}
{"t":{"$date":"2026-04-30T10:49:14.815+00:00"},"s":"I",  "c":"REPL",     "id":21544,   "ctx":"initandlisten","msg":"Recovering from stable timestamp","attr":{"stableTimestamp":{"$timestamp":{"t":1777546112,"i":1}},"topOfOplog":{"ts":{"$timestamp":{"t":1777546144,"i":2}},"t":5},"appliedThrough":{"ts":{"$timestamp":{"t":0,"i":0}},"t":-1}}}
{"t":{"$date":"2026-04-30T10:49:14.815+00:00"},"s":"I",  "c":"REPL",     "id":21545,   "ctx":"initandlisten","msg":"Starting recovery oplog application at the stable timestamp","attr":{"stableTimestamp":{"$timestamp":{"t":1777546112,"i":1}}}}
{"t":{"$date":"2026-04-30T10:49:14.815+00:00"},"s":"I",  "c":"REPL",     "id":5466604, "ctx":"initandlisten","msg":"Start point for recovery oplog application exists in oplog. No adjustment necessary","attr":{"startPoint":{"$timestamp":{"t":1777546112,"i":1}}}}
{"t":{"$date":"2026-04-30T10:49:14.816+00:00"},"s":"I",  "c":"REPL",     "id":21550,   "ctx":"initandlisten","msg":"Replaying stored operations from startPoint (exclusive) to endPoint (inclusive)","attr":{"startPoint":{"$timestamp":{"t":1777546112,"i":1}},"endPoint":{"$timestamp":{"t":1777546144,"i":2}}}}
{"t":{"$date":"2026-04-30T10:49:14.836+00:00"},"s":"I",  "c":"REPL",     "id":21536,   "ctx":"initandlisten","msg":"Completed oplog application for recovery","attr":{"numOpsApplied":5,"numBatches":1,"applyThroughOpTime":{"ts":{"$timestamp":{"t":1777546144,"i":2}},"t":5}}}
{"t":{"$date":"2026-04-30T10:49:14.837+00:00"},"s":"I",  "c":"REPL",     "id":4280505, "ctx":"initandlisten","msg":"Creating any necessary TenantMigrationAccessBlockers for unfinished migrations"}
{"t":{"$date":"2026-04-30T10:49:14.841+00:00"},"s":"I",  "c":"REPL",     "id":4280506, "ctx":"initandlisten","msg":"Reconstructing prepared transactions"}
{"t":{"$date":"2026-04-30T10:49:14.841+00:00"},"s":"I",  "c":"REPL",     "id":4280507, "ctx":"initandlisten","msg":"Loaded replica set config, scheduled callback to set local config"}
{"t":{"$date":"2026-04-30T10:49:14.842+00:00"},"s":"I",  "c":"STORAGE",  "id":22262,   "ctx":"initandlisten","msg":"Timestamp monitor starting"}
{"t":{"$date":"2026-04-30T10:49:14.842+00:00"},"s":"I",  "c":"REPL",     "id":4280508, "ctx":"ReplCoord-0","msg":"Attempting to set local replica set config; validating config for startup"}
{"t":{"$date":"2026-04-30T10:49:14.872+00:00"},"s":"I",  "c":"CONTROL",  "id":20714,   "ctx":"LogicalSessionCacheRefresh","msg":"Failed to refresh session cache, will try again at the next refresh interval","attr":{"error":"NotYetInitialized: Replication has not yet been configured"}}
{"t":{"$date":"2026-04-30T10:49:14.873+00:00"},"s":"I",  "c":"CONTROL",  "id":20711,   "ctx":"LogicalSessionCacheReap","msg":"Failed to reap transaction table","attr":{"error":"NotYetInitialized: Replication has not yet been configured"}}
{"t":{"$date":"2026-04-30T10:49:14.873+00:00"},"s":"I",  "c":"REPL",     "id":40440,   "ctx":"initandlisten","msg":"Starting the TopologyVersionObserver"}
{"t":{"$date":"2026-04-30T10:49:14.873+00:00"},"s":"I",  "c":"REPL",     "id":40445,   "ctx":"TopologyVersionObserver","msg":"Started TopologyVersionObserver"}
{"t":{"$date":"2026-04-30T10:49:14.874+00:00"},"s":"I",  "c":"NETWORK",  "id":23015,   "ctx":"listener","msg":"Listening on","attr":{"address":"/tmp/mongodb-27017.sock"}}
{"t":{"$date":"2026-04-30T10:49:14.875+00:00"},"s":"I",  "c":"NETWORK",  "id":23015,   "ctx":"listener","msg":"Listening on","attr":{"address":"127.0.0.1"}}
{"t":{"$date":"2026-04-30T10:49:14.875+00:00"},"s":"I",  "c":"NETWORK",  "id":23016,   "ctx":"listener","msg":"Waiting for connections","attr":{"port":27017,"ssl":"off"}}
{"t":{"$date":"2026-04-30T10:49:14.875+00:00"},"s":"I",  "c":"CONTROL",  "id":8423403, "ctx":"initandlisten","msg":"mongod startup complete","attr":{"Summary of time elapsed":{"Startup from clean shutdown?":false,"Statistics":{"Transport layer setup":"0 ms","Run initial syncer crash recovery":"0 ms","Create storage engine lock file in the data directory":"0 ms","Create storage engine lock file in the data directory":"1 ms","Get metadata describing storage engine":"0 ms","Get metadata describing storage engine":"0 ms","Validate options in metadata against current startup options":"0 ms","Validate options in metadata against current startup options":"0 ms","Create storage engine":"0 ms","Create storage engine":"1211 ms","Write current PID to file":"0 ms","Write current PID to file":"0 ms","Initialize FCV before rebuilding indexes":"0 ms","Initialize FCV before rebuilding indexes":"5 ms","Drop abandoned idents and get back indexes that need to be rebuilt or builds that need to be restarted":"0 ms","Drop abandoned idents and get back indexes that need to be rebuilt or builds that need to be restarted":"0 ms","Rebuild indexes for collections":"0 ms","Rebuild indexes for collections":"0 ms","Build user and roles graph":"0 ms","Verify indexes for admin.system.users collection":"0 ms","Verify indexes for admin.system.users collection":"0 ms","Set up the background thread pool responsible for waiting for opTimes to be majority committed":"0 ms","Start up cluster time keys manager with a local/direct keys client":"0 ms","Start up the replication coordinator":"42 ms","Create an oplog view for tenant migrations":"0 ms","Start transport layer":"1 ms","_initAndListen total elapsed time":"1357 ms"}}}}
{"t":{"$date":"2026-04-30T10:49:14.875+00:00"},"s":"I",  "c":"NETWORK",  "id":22943,   "ctx":"listener","msg":"Connection accepted","attr":{"remote":"127.0.0.1:51060","uuid":"91f32e7f-9304-4e36-a5c3-b7e3c069bd9f","connectionId":2,"connectionCount":1}}
{"t":{"$date":"2026-04-30T10:49:14.901+00:00"},"s":"I",  "c":"ACCESS",   "id":20250,   "ctx":"conn2","msg":"Authentication succeeded","attr":{"mechanism":"SCRAM-SHA-256","speculative":false,"principalName":"__system","authenticationDatabase":"local","remote":"127.0.0.1:51060","extraInfo":{}}}
{"t":{"$date":"2026-04-30T10:49:14.902+00:00"},"s":"I",  "c":"REPL",     "id":4280509, "ctx":"ReplCoord-0","msg":"Local configuration validated for startup"}
{"t":{"$date":"2026-04-30T10:49:14.902+00:00"},"s":"I",  "c":"NETWORK",  "id":22944,   "ctx":"conn2","msg":"Connection ended","attr":{"remote":"127.0.0.1:51060","uuid":"91f32e7f-9304-4e36-a5c3-b7e3c069bd9f","connectionId":2,"connectionCount":0}}
{"t":{"$date":"2026-04-30T10:49:14.902+00:00"},"s":"I",  "c":"REPL",     "id":6015317, "ctx":"ReplCoord-0","msg":"Setting new configuration state","attr":{"newState":"ConfigSteady","oldState":"ConfigStartingUp"}}
{"t":{"$date":"2026-04-30T10:49:14.902+00:00"},"s":"I",  "c":"REPL",     "id":21392,   "ctx":"ReplCoord-0","msg":"New replica set config in use","attr":{"config":{"_id":"mr1","version":1,"term":5,"members":[{"_id":0,"host":"localhost:27017","arbiterOnly":false,"buildIndexes":true,"hidden":false,"priority":1,"tags":{},"secondaryDelaySecs":0,"votes":1}],"protocolVersion":1,"writeConcernMajorityJournalDefault":true,"settings":{"chainingAllowed":true,"heartbeatIntervalMillis":2000,"heartbeatTimeoutSecs":10,"electionTimeoutMillis":10000,"catchUpTimeoutMillis":-1,"catchUpTakeoverDelayMillis":30000,"getLastErrorModes":{},"getLastErrorDefaults":{"w":1,"wtimeout":0},"replicaSetId":{"$oid":"69f24a89e3e29227ce47fbc4"}}}}}
{"t":{"$date":"2026-04-30T10:49:14.902+00:00"},"s":"I",  "c":"REPL",     "id":21393,   "ctx":"ReplCoord-0","msg":"Found self in config","attr":{"hostAndPort":"localhost:27017"}}
{"t":{"$date":"2026-04-30T10:49:14.903+00:00"},"s":"I",  "c":"REPL",     "id":21358,   "ctx":"ReplCoord-0","msg":"Replica set state transition","attr":{"newState":"STARTUP2","oldState":"STARTUP"}}
{"t":{"$date":"2026-04-30T10:49:14.903+00:00"},"s":"I",  "c":"REPL",     "id":21320,   "ctx":"ReplCoord-0","msg":"Updated term","attr":{"term":5}}
{"t":{"$date":"2026-04-30T10:49:14.903+00:00"},"s":"I",  "c":"REPL",     "id":21306,   "ctx":"ReplCoord-0","msg":"Starting replication storage threads"}
{"t":{"$date":"2026-04-30T10:49:14.903+00:00"},"s":"I",  "c":"REPL",     "id":4280512, "ctx":"ReplCoord-0","msg":"No initial sync required. Attempting to begin steady replication"}
{"t":{"$date":"2026-04-30T10:49:14.903+00:00"},"s":"I",  "c":"REPL",     "id":21358,   "ctx":"ReplCoord-0","msg":"Replica set state transition","attr":{"newState":"RECOVERING","oldState":"STARTUP2"}}
{"t":{"$date":"2026-04-30T10:49:14.905+00:00"},"s":"I",  "c":"REPL",     "id":21299,   "ctx":"ReplCoord-0","msg":"Starting replication fetcher thread"}
{"t":{"$date":"2026-04-30T10:49:14.906+00:00"},"s":"I",  "c":"REPL",     "id":21300,   "ctx":"ReplCoord-0","msg":"Starting replication applier thread"}
{"t":{"$date":"2026-04-30T10:49:14.906+00:00"},"s":"I",  "c":"REPL",     "id":21224,   "ctx":"OplogApplier-0","msg":"Starting oplog application"}
{"t":{"$date":"2026-04-30T10:49:14.906+00:00"},"s":"I",  "c":"REPL",     "id":21301,   "ctx":"ReplCoord-0","msg":"Starting replication reporter thread"}
{"t":{"$date":"2026-04-30T10:49:14.907+00:00"},"s":"I",  "c":"REPL",     "id":4280511, "ctx":"ReplCoord-0","msg":"Set local replica set config"}
{"t":{"$date":"2026-04-30T10:49:14.906+00:00"},"s":"I",  "c":"REPL",     "id":8423402, "ctx":"BackgroundSync","msg":"Failed to select a sync source on the first attempt. Starting second attempt"}
{"t":{"$date":"2026-04-30T10:49:14.908+00:00"},"s":"I",  "c":"REPL",     "id":21358,   "ctx":"OplogApplier-0","msg":"Replica set state transition","attr":{"newState":"SECONDARY","oldState":"RECOVERING"}}
{"t":{"$date":"2026-04-30T10:49:14.908+00:00"},"s":"I",  "c":"ELECTION", "id":4615652, "ctx":"OplogApplier-0","msg":"Starting an election, since we've seen no PRIMARY in election timeout period","attr":{"electionTimeoutPeriodMillis":10000}}
{"t":{"$date":"2026-04-30T10:49:14.908+00:00"},"s":"I",  "c":"ELECTION", "id":21438,   "ctx":"OplogApplier-0","msg":"Conducting a dry run election to see if we could be elected","attr":{"currentTerm":5}}
{"t":{"$date":"2026-04-30T10:49:14.908+00:00"},"s":"I",  "c":"ELECTION", "id":21444,   "ctx":"ReplCoord-0","msg":"Dry election run succeeded, running for election","attr":{"newTerm":6}}
{"t":{"$date":"2026-04-30T10:49:14.910+00:00"},"s":"I",  "c":"ELECTION", "id":6015300, "ctx":"ReplCoord-1","msg":"Storing last vote document in local storage for my election","attr":{"lastVote":{"term":6,"candidateIndex":0}}}
{"t":{"$date":"2026-04-30T10:49:14.912+00:00"},"s":"I",  "c":"ELECTION", "id":21450,   "ctx":"ReplCoord-0","msg":"Election succeeded, assuming primary role","attr":{"term":6}}
{"t":{"$date":"2026-04-30T10:49:14.912+00:00"},"s":"I",  "c":"REPL",     "id":21358,   "ctx":"ReplCoord-0","msg":"Replica set state transition","attr":{"newState":"PRIMARY","oldState":"SECONDARY"}}
{"t":{"$date":"2026-04-30T10:49:14.913+00:00"},"s":"I",  "c":"REPL",     "id":21106,   "ctx":"ReplCoord-0","msg":"Resetting sync source to empty","attr":{"previousSyncSource":":27017"}}
{"t":{"$date":"2026-04-30T10:49:14.913+00:00"},"s":"I",  "c":"REPL",     "id":21359,   "ctx":"ReplCoord-0","msg":"Entering primary catch-up mode"}
{"t":{"$date":"2026-04-30T10:49:14.913+00:00"},"s":"I",  "c":"REPL",     "id":6015304, "ctx":"ReplCoord-0","msg":"Skipping primary catchup since we are the only node in the replica set."}
{"t":{"$date":"2026-04-30T10:49:14.913+00:00"},"s":"I",  "c":"REPL",     "id":21363,   "ctx":"ReplCoord-0","msg":"Exited primary catch-up mode"}
{"t":{"$date":"2026-04-30T10:49:14.913+00:00"},"s":"I",  "c":"REPL",     "id":21107,   "ctx":"ReplCoord-0","msg":"Stopping replication producer"}
{"t":{"$date":"2026-04-30T10:49:14.913+00:00"},"s":"I",  "c":"REPL",     "id":21239,   "ctx":"ReplBatcher","msg":"Oplog buffer has been drained","attr":{"term":6}}
{"t":{"$date":"2026-04-30T10:49:14.914+00:00"},"s":"I",  "c":"REPL",     "id":21343,   "ctx":"RstlKillOpThread","msg":"Starting to kill user operations"}
{"t":{"$date":"2026-04-30T10:49:14.914+00:00"},"s":"I",  "c":"REPL",     "id":21344,   "ctx":"RstlKillOpThread","msg":"Stopped killing user operations"}
{"t":{"$date":"2026-04-30T10:49:14.914+00:00"},"s":"I",  "c":"REPL",     "id":21340,   "ctx":"RstlKillOpThread","msg":"State transition ops metrics","attr":{"metrics":{"lastStateTransition":"stepUp","userOpsKilled":0,"userOpsRunning":1}}}
{"t":{"$date":"2026-04-30T10:49:14.915+00:00"},"s":"I",  "c":"REPL",     "id":4508103, "ctx":"OplogApplier-0","msg":"Increment the config term via reconfig"}
{"t":{"$date":"2026-04-30T10:49:14.915+00:00"},"s":"I",  "c":"REPL",     "id":6015313, "ctx":"OplogApplier-0","msg":"Replication config state is Steady, starting reconfig"}
{"t":{"$date":"2026-04-30T10:49:14.915+00:00"},"s":"I",  "c":"REPL",     "id":6015317, "ctx":"OplogApplier-0","msg":"Setting new configuration state","attr":{"newState":"ConfigReconfiguring","oldState":"ConfigSteady"}}
{"t":{"$date":"2026-04-30T10:49:14.916+00:00"},"s":"I",  "c":"REPL",     "id":21353,   "ctx":"OplogApplier-0","msg":"replSetReconfig config object parses ok","attr":{"numMembers":1}}
{"t":{"$date":"2026-04-30T10:49:14.917+00:00"},"s":"I",  "c":"REPL",     "id":51814,   "ctx":"OplogApplier-0","msg":"Persisting new config to disk"}
{"t":{"$date":"2026-04-30T10:49:14.918+00:00"},"s":"I",  "c":"REPL",     "id":6015315, "ctx":"OplogApplier-0","msg":"Persisted new config to disk"}
{"t":{"$date":"2026-04-30T10:49:14.919+00:00"},"s":"I",  "c":"REPL",     "id":6015317, "ctx":"OplogApplier-0","msg":"Setting new configuration state","attr":{"newState":"ConfigSteady","oldState":"ConfigReconfiguring"}}
{"t":{"$date":"2026-04-30T10:49:14.919+00:00"},"s":"I",  "c":"REPL",     "id":21392,   "ctx":"OplogApplier-0","msg":"New replica set config in use","attr":{"config":{"_id":"mr1","version":1,"term":6,"members":[{"_id":0,"host":"localhost:27017","arbiterOnly":false,"buildIndexes":true,"hidden":false,"priority":1,"tags":{},"secondaryDelaySecs":0,"votes":1}],"protocolVersion":1,"writeConcernMajorityJournalDefault":true,"settings":{"chainingAllowed":true,"heartbeatIntervalMillis":2000,"heartbeatTimeoutSecs":10,"electionTimeoutMillis":10000,"catchUpTimeoutMillis":-1,"catchUpTakeoverDelayMillis":30000,"getLastErrorModes":{},"getLastErrorDefaults":{"w":1,"wtimeout":0},"replicaSetId":{"$oid":"69f24a89e3e29227ce47fbc4"}}}}}
{"t":{"$date":"2026-04-30T10:49:14.919+00:00"},"s":"I",  "c":"REPL",     "id":21393,   "ctx":"OplogApplier-0","msg":"Found self in config","attr":{"hostAndPort":"localhost:27017"}}
{"t":{"$date":"2026-04-30T10:49:14.919+00:00"},"s":"I",  "c":"REPL",     "id":6015310, "ctx":"OplogApplier-0","msg":"Starting to transition to primary."}
{"t":{"$date":"2026-04-30T10:49:14.920+00:00"},"s":"I",  "c":"REPL",     "id":6015309, "ctx":"OplogApplier-0","msg":"Logging transition to primary to oplog on stepup"}
{"t":{"$date":"2026-04-30T10:49:14.920+00:00"},"s":"I",  "c":"STORAGE",  "id":20657,   "ctx":"OplogApplier-0","msg":"IndexBuildsCoordinator::onStepUp - this node is stepping up to primary"}
{"t":{"$date":"2026-04-30T10:49:14.921+00:00"},"s":"I",  "c":"REPL",     "id":21331,   "ctx":"OplogApplier-0","msg":"Transition to primary complete; database writes are now permitted"}
{"t":{"$date":"2026-04-30T10:49:14.923+00:00"},"s":"I",  "c":"REPL",     "id":5123005, "ctx":"TenantMigrationRecipientService-0","msg":"Rebuilding PrimaryOnlyService due to stepUp","attr":{"service":"TenantMigrationRecipientService"}}
{"t":{"$date":"2026-04-30T10:49:14.923+00:00"},"s":"I",  "c":"REPL",     "id":5123005, "ctx":"ShardSplitDonorService-0","msg":"Rebuilding PrimaryOnlyService due to stepUp","attr":{"service":"ShardSplitDonorService"}}
{"t":{"$date":"2026-04-30T10:49:14.923+00:00"},"s":"I",  "c":"REPL",     "id":5123005, "ctx":"TenantMigrationDonorService-0","msg":"Rebuilding PrimaryOnlyService due to stepUp","attr":{"service":"TenantMigrationDonorService"}}
{"t":{"$date":"2026-04-30T10:49:15.023+00:00"},"s":"I",  "c":"FTDC",     "id":20631,   "ctx":"ftdc","msg":"Unclean full-time diagnostic data capture shutdown detected, found interim file, some metrics may have been lost","attr":{"error":{"code":0,"codeName":"OK"}}}
{"t":{"$date":"2026-04-30T10:49:15.072+00:00"},"s":"I",  "c":"NETWORK",  "id":22943,   "ctx":"listener","msg":"Connection accepted","attr":{"remote":"127.0.0.1:51076","uuid":"271aec39-0a2c-49b0-86cc-ecfa10d035dd","connectionId":3,"connectionCount":1}}
{"t":{"$date":"2026-04-30T10:49:15.073+00:00"},"s":"I",  "c":"NETWORK",  "id":51800,   "ctx":"conn3","msg":"client metadata","attr":{"remote":"127.0.0.1:51076","client":"conn3","negotiatedCompressors":[],"doc":{"application":{"name":"mongosh 2.8.2"},"driver":{"name":"nodejs|mongosh","version":"7.1.0|2.8.2"},"platform":"Node.js v24.14.1, LE","os":{"name":"linux","architecture":"arm64","version":"4.14.355-280.714.amzn2.aarch64","type":"Linux"},"env":{"container":{"runtime":"docker"}}}}}
{"t":{"$date":"2026-04-30T10:49:15.077+00:00"},"s":"I",  "c":"NETWORK",  "id":22943,   "ctx":"listener","msg":"Connection accepted","attr":{"remote":"127.0.0.1:51088","uuid":"38df1be0-0bf6-45bf-bcfb-840893623d68","connectionId":4,"connectionCount":2}}
{"t":{"$date":"2026-04-30T10:49:15.078+00:00"},"s":"I",  "c":"NETWORK",  "id":51800,   "ctx":"conn4","msg":"client metadata","attr":{"remote":"127.0.0.1:51088","client":"conn4","negotiatedCompressors":[],"doc":{"application":{"name":"mongosh 2.8.2"},"driver":{"name":"nodejs|mongosh","version":"7.1.0|2.8.2"},"platform":"Node.js v24.14.1, LE","os":{"name":"linux","architecture":"arm64","version":"4.14.355-280.714.amzn2.aarch64","type":"Linux"},"env":{"container":{"runtime":"docker"}}}}}
{"t":{"$date":"2026-04-30T10:49:15.087+00:00"},"s":"I",  "c":"ACCESS",   "id":20250,   "ctx":"conn4","msg":"Authentication succeeded","attr":{"mechanism":"SCRAM-SHA-256","speculative":true,"principalName":"appsmith","authenticationDatabase":"appsmith","remote":"127.0.0.1:51088","extraInfo":{}}}
{"t":{"$date":"2026-04-30T10:49:15.182+00:00"},"s":"I",  "c":"NETWORK",  "id":22943,   "ctx":"listener","msg":"Connection accepted","attr":{"remote":"127.0.0.1:51102","uuid":"466fd465-9d4c-4a84-92b8-d203f124d4b7","connectionId":5,"connectionCount":3}}
{"t":{"$date":"2026-04-30T10:49:15.183+00:00"},"s":"I",  "c":"NETWORK",  "id":22943,   "ctx":"listener","msg":"Connection accepted","attr":{"remote":"127.0.0.1:51104","uuid":"e181c515-137a-496e-b4a5-c4f411cbacbb","connectionId":6,"connectionCount":4}}
{"t":{"$date":"2026-04-30T10:49:15.184+00:00"},"s":"I",  "c":"NETWORK",  "id":51800,   "ctx":"conn6","msg":"client metadata","attr":{"remote":"127.0.0.1:51104","client":"conn6","negotiatedCompressors":[],"doc":{"application":{"name":"mongosh 2.8.2"},"driver":{"name":"nodejs|mongosh","version":"7.1.0|2.8.2"},"platform":"Node.js v24.14.1, LE","os":{"name":"linux","architecture":"arm64","version":"4.14.355-280.714.amzn2.aarch64","type":"Linux"},"env":{"container":{"runtime":"docker"}}}}}
{"t":{"$date":"2026-04-30T10:49:15.184+00:00"},"s":"I",  "c":"NETWORK",  "id":51800,   "ctx":"conn5","msg":"client metadata","attr":{"remote":"127.0.0.1:51102","client":"conn5","negotiatedCompressors":[],"doc":{"application":{"name":"mongosh 2.8.2"},"driver":{"name":"nodejs|mongosh","version":"7.1.0|2.8.2"},"platform":"Node.js v24.14.1, LE","os":{"name":"linux","architecture":"arm64","version":"4.14.355-280.714.amzn2.aarch64","type":"Linux"},"env":{"container":{"runtime":"docker"}}}}}
{"t":{"$date":"2026-04-30T10:49:15.186+00:00"},"s":"I",  "c":"ACCESS",   "id":20250,   "ctx":"conn6","msg":"Authentication succeeded","attr":{"mechanism":"SCRAM-SHA-256","speculative":true,"principalName":"appsmith","authenticationDatabase":"appsmith","remote":"127.0.0.1:51104","extraInfo":{}}}
{"t":{"$date":"2026-04-30T10:49:15.186+00:00"},"s":"I",  "c":"ACCESS",   "id":20250,   "ctx":"conn5","msg":"Authentication succeeded","attr":{"mechanism":"SCRAM-SHA-256","speculative":true,"principalName":"appsmith","authenticationDatabase":"appsmith","remote":"127.0.0.1:51102","extraInfo":{}}}
{"t":{"$date":"2026-04-30T10:49:15.188+00:00"},"s":"I",  "c":"NETWORK",  "id":22944,   "ctx":"conn6","msg":"Connection ended","attr":{"remote":"127.0.0.1:51104","uuid":"e181c515-137a-496e-b4a5-c4f411cbacbb","connectionId":6,"connectionCount":3}}
{"t":{"$date":"2026-04-30T10:49:15.190+00:00"},"s":"I",  "c":"NETWORK",  "id":22944,   "ctx":"conn3","msg":"Connection ended","attr":{"remote":"127.0.0.1:51076","uuid":"271aec39-0a2c-49b0-86cc-ecfa10d035dd","connectionId":3,"connectionCount":2}}
{"t":{"$date":"2026-04-30T10:49:15.190+00:00"},"s":"I",  "c":"NETWORK",  "id":22944,   "ctx":"conn4","msg":"Connection ended","attr":{"remote":"127.0.0.1:51088","uuid":"38df1be0-0bf6-45bf-bcfb-840893623d68","connectionId":4,"connectionCount":1}}
{"t":{"$date":"2026-04-30T10:49:15.191+00:00"},"s":"I",  "c":"NETWORK",  "id":22944,   "ctx":"conn5","msg":"Connection ended","attr":{"remote":"127.0.0.1:51102","uuid":"466fd465-9d4c-4a84-92b8-d203f124d4b7","connectionId":5,"connectionCount":0}}
{"t":{"$date":"2026-04-30T10:49:17.805+00:00"},"s":"I",  "c":"NETWORK",  "id":22943,   "ctx":"listener","msg":"Connection accepted","attr":{"remote":"127.0.0.1:51108","uuid":"a1a9c064-4ed0-4773-b903-a14c06d29a2a","connectionId":7,"connectionCount":1}}
{"t":{"$date":"2026-04-30T10:49:17.826+00:00"},"s":"I",  "c":"NETWORK",  "id":51800,   "ctx":"conn7","msg":"client metadata","attr":{"remote":"127.0.0.1:51108","client":"conn7","negotiatedCompressors":[],"doc":{"driver":{"name":"mongo-java-driver|reactive-streams|spring-boot","version":"5.5.2"},"os":{"type":"Linux","name":"Linux","architecture":"aarch64","version":"6.12.76-linuxkit"},"platform":"Java/Eclipse Adoptium/25.0.2+10-LTS","env":{"container":{"runtime":"docker"}}}}}
{"t":{"$date":"2026-04-30T10:49:17.848+00:00"},"s":"I",  "c":"NETWORK",  "id":22943,   "ctx":"listener","msg":"Connection accepted","attr":{"remote":"127.0.0.1:51120","uuid":"d5b083b2-7b80-446d-93a6-e4ea707ff552","connectionId":8,"connectionCount":2}}
{"t":{"$date":"2026-04-30T10:49:17.850+00:00"},"s":"I",  "c":"NETWORK",  "id":51800,   "ctx":"conn8","msg":"client metadata","attr":{"remote":"127.0.0.1:51120","client":"conn8","negotiatedCompressors":[],"doc":{"driver":{"name":"mongo-java-driver|reactive-streams|spring-boot","version":"5.5.2"},"os":{"type":"Linux","name":"Linux","architecture":"aarch64","version":"6.12.76-linuxkit"},"platform":"Java/Eclipse Adoptium/25.0.2+10-LTS","env":{"container":{"runtime":"docker"}}}}}
{"t":{"$date":"2026-04-30T10:49:18.996+00:00"},"s":"I",  "c":"NETWORK",  "id":22943,   "ctx":"listener","msg":"Connection accepted","attr":{"remote":"127.0.0.1:51130","uuid":"e0ee744a-c802-41e5-a587-b4911c9ab585","connectionId":9,"connectionCount":3}}
{"t":{"$date":"2026-04-30T10:49:18.999+00:00"},"s":"I",  "c":"NETWORK",  "id":51800,   "ctx":"conn9","msg":"client metadata","attr":{"remote":"127.0.0.1:51130","client":"conn9","negotiatedCompressors":[],"doc":{"driver":{"name":"mongo-java-driver|sync|spring-boot","version":"5.5.2"},"os":{"type":"Linux","name":"Linux","architecture":"aarch64","version":"6.12.76-linuxkit"},"platform":"Java/Eclipse Adoptium/25.0.2+10-LTS","env":{"container":{"runtime":"docker"}}}}}
{"t":{"$date":"2026-04-30T10:49:19.004+00:00"},"s":"I",  "c":"NETWORK",  "id":22943,   "ctx":"listener","msg":"Connection accepted","attr":{"remote":"127.0.0.1:51140","uuid":"883c0cb5-6448-4baf-9efa-d6eb7747b080","connectionId":10,"connectionCount":4}}
{"t":{"$date":"2026-04-30T10:49:19.007+00:00"},"s":"I",  "c":"NETWORK",  "id":51800,   "ctx":"conn10","msg":"client metadata","attr":{"remote":"127.0.0.1:51140","client":"conn10","negotiatedCompressors":[],"doc":{"driver":{"name":"mongo-java-driver|sync|spring-boot","version":"5.5.2"},"os":{"type":"Linux","name":"Linux","architecture":"aarch64","version":"6.12.76-linuxkit"},"platform":"Java/Eclipse Adoptium/25.0.2+10-LTS","env":{"container":{"runtime":"docker"}}}}}
{"t":{"$date":"2026-04-30T10:49:21.116+00:00"},"s":"I",  "c":"NETWORK",  "id":22943,   "ctx":"listener","msg":"Connection accepted","attr":{"remote":"127.0.0.1:51148","uuid":"814c40b6-c1c6-4a9c-8c50-f7f2e4822ffa","connectionId":11,"connectionCount":5}}
{"t":{"$date":"2026-04-30T10:49:21.127+00:00"},"s":"I",  "c":"NETWORK",  "id":51800,   "ctx":"conn11","msg":"client metadata","attr":{"remote":"127.0.0.1:51148","client":"conn11","negotiatedCompressors":[],"doc":{"driver":{"name":"mongo-java-driver|reactive-streams|spring-boot","version":"5.5.2"},"os":{"type":"Linux","name":"Linux","architecture":"aarch64","version":"6.12.76-linuxkit"},"platform":"Java/Eclipse Adoptium/25.0.2+10-LTS","env":{"container":{"runtime":"docker"}}}}}
{"t":{"$date":"2026-04-30T10:49:21.161+00:00"},"s":"I",  "c":"ACCESS",   "id":20250,   "ctx":"conn11","msg":"Authentication succeeded","attr":{"mechanism":"SCRAM-SHA-256","speculative":true,"principalName":"appsmith","authenticationDatabase":"appsmith","remote":"127.0.0.1:51148","extraInfo":{}}}
{"t":{"$date":"2026-04-30T10:49:21.337+00:00"},"s":"I",  "c":"NETWORK",  "id":22943,   "ctx":"listener","msg":"Connection accepted","attr":{"remote":"127.0.0.1:60088","uuid":"2112fc55-c4b2-43c9-a71d-906e44dbb515","connectionId":12,"connectionCount":6}}
{"t":{"$date":"2026-04-30T10:49:21.341+00:00"},"s":"I",  "c":"NETWORK",  "id":51800,   "ctx":"conn12","msg":"client metadata","attr":{"remote":"127.0.0.1:60088","client":"conn12","negotiatedCompressors":[],"doc":{"driver":{"name":"mongo-java-driver|reactive-streams|spring-boot","version":"5.5.2"},"os":{"type":"Linux","name":"Linux","architecture":"aarch64","version":"6.12.76-linuxkit"},"platform":"Java/Eclipse Adoptium/25.0.2+10-LTS","env":{"container":{"runtime":"docker"}}}}}
{"t":{"$date":"2026-04-30T10:49:21.371+00:00"},"s":"I",  "c":"ACCESS",   "id":20250,   "ctx":"conn12","msg":"Authentication succeeded","attr":{"mechanism":"SCRAM-SHA-256","speculative":true,"principalName":"appsmith","authenticationDatabase":"appsmith","remote":"127.0.0.1:60088","extraInfo":{}}}
{"t":{"$date":"2026-04-30T10:49:21.440+00:00"},"s":"I",  "c":"NETWORK",  "id":22943,   "ctx":"listener","msg":"Connection accepted","attr":{"remote":"127.0.0.1:60094","uuid":"44888d91-a25d-44c4-ba6f-defd329c5e93","connectionId":13,"connectionCount":7}}
{"t":{"$date":"2026-04-30T10:49:21.450+00:00"},"s":"I",  "c":"NETWORK",  "id":51800,   "ctx":"conn13","msg":"client metadata","attr":{"remote":"127.0.0.1:60094","client":"conn13","negotiatedCompressors":[],"doc":{"driver":{"name":"mongo-java-driver|sync|spring-boot","version":"5.5.2"},"os":{"type":"Linux","name":"Linux","architecture":"aarch64","version":"6.12.76-linuxkit"},"platform":"Java/Eclipse Adoptium/25.0.2+10-LTS","env":{"container":{"runtime":"docker"}}}}}
{"t":{"$date":"2026-04-30T10:49:21.461+00:00"},"s":"I",  "c":"ACCESS",   "id":20250,   "ctx":"conn13","msg":"Authentication succeeded","attr":{"mechanism":"SCRAM-SHA-256","speculative":true,"principalName":"appsmith","authenticationDatabase":"appsmith","remote":"127.0.0.1:60094","extraInfo":{}}}
{"t":{"$date":"2026-04-30T10:49:21.832+00:00"},"s":"I",  "c":"COMMAND",  "id":51803,   "ctx":"conn12","msg":"Slow query","attr":{"type":"command","ns":"appsmith.$cmd","command":{"delete":"mongockLock","ordered":true,"writeConcern":{"j":false},"$db":"appsmith","$clusterTime":{"clusterTime":{"$timestamp":{"t":1777546161,"i":2}},"signature":{"hash":{"$binary":{"base64":"cg3KrsegioxLe5Ien0Lb5Anfm5U=","subType":"0"}},"keyId":7634246270617387014}},"lsid":{"id":{"$uuid":"3b861f2e-7bf3-4c7f-86c9-d018264da36c"}}},"numYields":0,"reslen":230,"locks":{"ParallelBatchWriterMode":{"acquireCount":{"r":1}},"FeatureCompatibilityVersion":{"acquireCount":{"w":1}},"ReplicationStateTransition":{"acquireCount":{"w":1}},"Global":{"acquireCount":{"w":1}},"Database":{"acquireCount":{"w":1}},"Collection":{"acquireCount":{"w":1}},"Mutex":{"acquireCount":{"r":1}}},"flowControl":{"acquireCount":1,"timeAcquiringMicros":1},"readConcern":{"level":"local","provenance":"implicitDefault"},"writeConcern":{"w":"majority","j":false,"wtimeout":0,"provenance":"implicitDefault"},"waitForWriteConcernDurationMillis":100,"storage":{},"remote":"127.0.0.1:60088","protocol":"op_msg","durationMillis":101}}
{"t":{"$date":"2026-04-30T10:49:44.724+00:00"},"s":"I",  "c":"NETWORK",  "id":22943,   "ctx":"listener","msg":"Connection accepted","attr":{"remote":"127.0.0.1:56014","uuid":"e8ad7578-5b99-4331-8578-21e6c862b8e7","connectionId":14,"connectionCount":8}}
{"t":{"$date":"2026-04-30T10:49:44.726+00:00"},"s":"I",  "c":"NETWORK",  "id":51800,   "ctx":"conn14","msg":"client metadata","attr":{"remote":"127.0.0.1:56014","client":"conn14","negotiatedCompressors":[],"doc":{"application":{"name":"mongosh 2.8.2"},"driver":{"name":"nodejs|mongosh","version":"7.1.0|2.8.2"},"platform":"Node.js v24.14.1, LE","os":{"name":"linux","architecture":"arm64","version":"4.14.355-280.714.amzn2.aarch64","type":"Linux"},"env":{"container":{"runtime":"docker"}}}}}
{"t":{"$date":"2026-04-30T10:49:44.745+00:00"},"s":"I",  "c":"NETWORK",  "id":22943,   "ctx":"listener","msg":"Connection accepted","attr":{"remote":"127.0.0.1:56016","uuid":"f6bcabb5-c288-4ade-82b5-464c6ed78645","connectionId":15,"connectionCount":9}}
{"t":{"$date":"2026-04-30T10:49:44.746+00:00"},"s":"I",  "c":"NETWORK",  "id":51800,   "ctx":"conn15","msg":"client metadata","attr":{"remote":"127.0.0.1:56016","client":"conn15","negotiatedCompressors":[],"doc":{"application":{"name":"mongosh 2.8.2"},"driver":{"name":"nodejs|mongosh","version":"7.1.0|2.8.2"},"platform":"Node.js v24.14.1, LE","os":{"name":"linux","architecture":"arm64","version":"4.14.355-280.714.amzn2.aarch64","type":"Linux"},"env":{"container":{"runtime":"docker"}}}}}
{"t":{"$date":"2026-04-30T10:49:44.751+00:00"},"s":"I",  "c":"ACCESS",   "id":20250,   "ctx":"conn15","msg":"Authentication succeeded","attr":{"mechanism":"SCRAM-SHA-256","speculative":true,"principalName":"appsmith","authenticationDatabase":"appsmith","remote":"127.0.0.1:56016","extraInfo":{}}}
{"t":{"$date":"2026-04-30T10:49:44.830+00:00"},"s":"I",  "c":"NETWORK",  "id":22943,   "ctx":"listener","msg":"Connection accepted","attr":{"remote":"127.0.0.1:56030","uuid":"6901043f-9725-4fda-8243-2546f927fbca","connectionId":16,"connectionCount":10}}
{"t":{"$date":"2026-04-30T10:49:44.831+00:00"},"s":"I",  "c":"NETWORK",  "id":22943,   "ctx":"listener","msg":"Connection accepted","attr":{"remote":"127.0.0.1:56038","uuid":"d9cb19de-d5c9-440d-9bf3-cbc65ca01787","connectionId":17,"connectionCount":11}}
{"t":{"$date":"2026-04-30T10:49:44.831+00:00"},"s":"I",  "c":"NETWORK",  "id":51800,   "ctx":"conn16","msg":"client metadata","attr":{"remote":"127.0.0.1:56030","client":"conn16","negotiatedCompressors":[],"doc":{"application":{"name":"mongosh 2.8.2"},"driver":{"name":"nodejs|mongosh","version":"7.1.0|2.8.2"},"platform":"Node.js v24.14.1, LE","os":{"name":"linux","architecture":"arm64","version":"4.14.355-280.714.amzn2.aarch64","type":"Linux"},"env":{"container":{"runtime":"docker"}}}}}
{"t":{"$date":"2026-04-30T10:49:44.832+00:00"},"s":"I",  "c":"NETWORK",  "id":51800,   "ctx":"conn17","msg":"client metadata","attr":{"remote":"127.0.0.1:56038","client":"conn17","negotiatedCompressors":[],"doc":{"application":{"name":"mongosh 2.8.2"},"driver":{"name":"nodejs|mongosh","version":"7.1.0|2.8.2"},"platform":"Node.js v24.14.1, LE","os":{"name":"linux","architecture":"arm64","version":"4.14.355-280.714.amzn2.aarch64","type":"Linux"},"env":{"container":{"runtime":"docker"}}}}}
{"t":{"$date":"2026-04-30T10:49:44.834+00:00"},"s":"I",  "c":"ACCESS",   "id":20250,   "ctx":"conn16","msg":"Authentication succeeded","attr":{"mechanism":"SCRAM-SHA-256","speculative":true,"principalName":"appsmith","authenticationDatabase":"appsmith","remote":"127.0.0.1:56030","extraInfo":{}}}
{"t":{"$date":"2026-04-30T10:49:44.834+00:00"},"s":"I",  "c":"ACCESS",   "id":20250,   "ctx":"conn17","msg":"Authentication succeeded","attr":{"mechanism":"SCRAM-SHA-256","speculative":true,"principalName":"appsmith","authenticationDatabase":"appsmith","remote":"127.0.0.1:56038","extraInfo":{}}}
{"t":{"$date":"2026-04-30T10:49:44.836+00:00"},"s":"I",  "c":"NETWORK",  "id":22943,   "ctx":"listener","msg":"Connection accepted","attr":{"remote":"127.0.0.1:56054","uuid":"b359206e-fab9-4f94-92b4-9f9e93dbed16","connectionId":18,"connectionCount":12}}
{"t":{"$date":"2026-04-30T10:49:44.839+00:00"},"s":"I",  "c":"NETWORK",  "id":51800,   "ctx":"conn18","msg":"client metadata","attr":{"remote":"127.0.0.1:56054","client":"conn18","negotiatedCompressors":[],"doc":{"application":{"name":"mongosh 2.8.2"},"driver":{"name":"nodejs|mongosh","version":"7.1.0|2.8.2"},"platform":"Node.js v24.14.1, LE","os":{"name":"linux","architecture":"arm64","version":"4.14.355-280.714.amzn2.aarch64","type":"Linux"},"env":{"container":{"runtime":"docker"}}}}}
{"t":{"$date":"2026-04-30T10:49:44.840+00:00"},"s":"I",  "c":"ACCESS",   "id":20250,   "ctx":"conn18","msg":"Authentication succeeded","attr":{"mechanism":"SCRAM-SHA-256","speculative":true,"principalName":"appsmith","authenticationDatabase":"appsmith","remote":"127.0.0.1:56054","extraInfo":{}}}
{"t":{"$date":"2026-04-30T10:49:44.844+00:00"},"s":"I",  "c":"NETWORK",  "id":22944,   "ctx":"conn14","msg":"Connection ended","attr":{"remote":"127.0.0.1:56014","uuid":"e8ad7578-5b99-4331-8578-21e6c862b8e7","connectionId":14,"connectionCount":11}}
{"t":{"$date":"2026-04-30T10:49:44.844+00:00"},"s":"I",  "c":"NETWORK",  "id":22944,   "ctx":"conn15","msg":"Connection ended","attr":{"remote":"127.0.0.1:56016","uuid":"f6bcabb5-c288-4ade-82b5-464c6ed78645","connectionId":15,"connectionCount":7}}
{"t":{"$date":"2026-04-30T10:49:44.844+00:00"},"s":"I",  "c":"NETWORK",  "id":22944,   "ctx":"conn17","msg":"Connection ended","attr":{"remote":"127.0.0.1:56038","uuid":"d9cb19de-d5c9-440d-9bf3-cbc65ca01787","connectionId":17,"connectionCount":9}}
{"t":{"$date":"2026-04-30T10:49:44.844+00:00"},"s":"I",  "c":"NETWORK",  "id":22944,   "ctx":"conn16","msg":"Connection ended","attr":{"remote":"127.0.0.1:56030","uuid":"6901043f-9725-4fda-8243-2546f927fbca","connectionId":16,"connectionCount":8}}
{"t":{"$date":"2026-04-30T10:49:44.844+00:00"},"s":"I",  "c":"NETWORK",  "id":22944,   "ctx":"conn18","msg":"Connection ended","attr":{"remote":"127.0.0.1:56054","uuid":"b359206e-fab9-4f94-92b4-9f9e93dbed16","connectionId":18,"connectionCount":10}}
{"t":{"$date":"2026-04-30T10:50:01.142+00:00"},"s":"I",  "c":"NETWORK",  "id":22943,   "ctx":"listener","msg":"Connection accepted","attr":{"remote":"127.0.0.1:33450","uuid":"62c86330-3138-4e00-821e-177d5cd9d31f","connectionId":19,"connectionCount":8}}
{"t":{"$date":"2026-04-30T10:50:01.144+00:00"},"s":"I",  "c":"NETWORK",  "id":51800,   "ctx":"conn19","msg":"client metadata","attr":{"remote":"127.0.0.1:33450","client":"conn19","negotiatedCompressors":[],"doc":{"driver":{"name":"mongo-java-driver|reactive-streams|spring-boot","version":"5.5.2"},"os":{"type":"Linux","name":"Linux","architecture":"aarch64","version":"6.12.76-linuxkit"},"platform":"Java/Eclipse Adoptium/25.0.2+10-LTS","env":{"container":{"runtime":"docker"}}}}}
{"t":{"$date":"2026-04-30T10:50:01.204+00:00"},"s":"I",  "c":"ACCESS",   "id":20250,   "ctx":"conn19","msg":"Authentication succeeded","attr":{"mechanism":"SCRAM-SHA-256","speculative":true,"principalName":"appsmith","authenticationDatabase":"appsmith","remote":"127.0.0.1:33450","extraInfo":{}}}
{"t":{"$date":"2026-04-30T10:50:01.450+00:00"},"s":"I",  "c":"NETWORK",  "id":22943,   "ctx":"listener","msg":"Connection accepted","attr":{"remote":"127.0.0.1:46262","uuid":"56c5551c-77bf-4c77-b710-c905018ae641","connectionId":20,"connectionCount":9}}
{"t":{"$date":"2026-04-30T10:50:01.467+00:00"},"s":"I",  "c":"NETWORK",  "id":22943,   "ctx":"listener","msg":"Connection accepted","attr":{"remote":"127.0.0.1:46266","uuid":"d05feeec-b9ff-441b-af3f-82769257bc17","connectionId":21,"connectionCount":10}}
{"t":{"$date":"2026-04-30T10:50:01.473+00:00"},"s":"I",  "c":"NETWORK",  "id":51800,   "ctx":"conn20","msg":"client metadata","attr":{"remote":"127.0.0.1:46262","client":"conn20","negotiatedCompressors":[],"doc":{"driver":{"name":"mongo-java-driver|reactive-streams|spring-boot","version":"5.5.2"},"os":{"type":"Linux","name":"Linux","architecture":"aarch64","version":"6.12.76-linuxkit"},"platform":"Java/Eclipse Adoptium/25.0.2+10-LTS","env":{"container":{"runtime":"docker"}}}}}
{"t":{"$date":"2026-04-30T10:50:01.510+00:00"},"s":"I",  "c":"NETWORK",  "id":51800,   "ctx":"conn21","msg":"client metadata","attr":{"remote":"127.0.0.1:46266","client":"conn21","negotiatedCompressors":[],"doc":{"driver":{"name":"mongo-java-driver|reactive-streams|spring-boot","version":"5.5.2"},"os":{"type":"Linux","name":"Linux","architecture":"aarch64","version":"6.12.76-linuxkit"},"platform":"Java/Eclipse Adoptium/25.0.2+10-LTS","env":{"container":{"runtime":"docker"}}}}}
{"t":{"$date":"2026-04-30T10:50:01.513+00:00"},"s":"I",  "c":"COMMAND",  "id":51803,   "ctx":"conn11","msg":"Slow query","attr":{"type":"command","ns":"appsmith.newPage","command":{"find":"newPage","filter":{"$and":[{"$and":[{"applicationId":"69f24b6e7b5845a7faae065f"}]},{"$and":[{"$and":[{"$and":[{"$or":[{"$and":[{"deleted":{"$exists":false}}]},{"$and":[{"deleted":false}]}]}]},{"$and":[{"deletedAt":null}]}]}]},{"policyMap.read:pages.permissionGroups":{"$in":["69f24b6e7b5845a7faae0659","69f24a997b5845a7faae0640","69f24b6e7b5845a7faae065b","69f24a997b5845a7faae063f"]}}]},"projection":{"publishedPage.customSlug":1,"publishedPage.isHidden":1,"policyMap":1,"publishedPage.slug":1,"policies":1,"publishedPage.icon":1,"_id":1,"baseId":1,"userPermissions":1,"publishedPage.name":1,"publishedPage.uniqueSlug":1},"batchSize":10000,"$db":"appsmith","$clusterTime":{"clusterTime":{"$timestamp":{"t":1777546193,"i":3}},"signature":{"hash":{"$binary":{"base64":"iONEuYAP1DkbXL7hynMGL9R19kI=","subType":"0"}},"keyId":7634246270617387014}},"lsid":{"id":{"$uuid":"aa5dd6da-3eee-4e5d-a72b-fc4f8fac9efb"}},"$readPreference":{"mode":"primaryPreferred"}},"planSummary":"IXSCAN { applicationId: 1, deleted: 1 }","planningTimeMicros":12066,"keysExamined":1,"docsExamined":1,"fromMultiPlanner":true,"nBatches":1,"cursorExhausted":true,"numYields":3,"nreturned":1,"queryHash":"F3BC27B6","planCacheKey":"2EEEFDCF","queryFramework":"classic","reslen":1487,"locks":{"FeatureCompatibilityVersion":{"acquireCount":{"r":4}},"Global":{"acquireCount":{"r":4}},"Mutex":{"acquireCount":{"r":1}}},"readConcern":{"level":"local","provenance":"implicitDefault"},"storage":{"data":{"bytesRead":236,"timeReadingMicros":1559}},"remote":"127.0.0.1:51148","protocol":"op_msg","durationMillis":106}}
{"t":{"$date":"2026-04-30T10:50:01.562+00:00"},"s":"I",  "c":"COMMAND",  "id":51803,   "ctx":"conn19","msg":"Slow query","attr":{"type":"command","ns":"appsmith.application","command":{"find":"application","filter":{"$and":[{"_id":{"$oid":"69f24b6e7b5845a7faae065f"}},{"$and":[{"$and":[{"$and":[{"$or":[{"$and":[{"deleted":{"$exists":false}}]},{"$and":[{"deleted":false}]}]}]},{"$and":[{"deletedAt":null}]}]}]}]},"projection":{"publishedCustomJSLibs":1},"limit":2,"batchSize":10000,"$db":"appsmith","$clusterTime":{"clusterTime":{"$timestamp":{"t":1777546193,"i":3}},"signature":{"hash":{"$binary":{"base64":"iONEuYAP1DkbXL7hynMGL9R19kI=","subType":"0"}},"keyId":7634246270617387014}},"lsid":{"id":{"$uuid":"3b861f2e-7bf3-4c7f-86c9-d018264da36c"}},"$readPreference":{"mode":"primaryPreferred"}},"planSummary":"IXSCAN { _id: 1 }","planningTimeMicros":751,"keysExamined":1,"docsExamined":1,"fromMultiPlanner":true,"nBatches":1,"cursorExhausted":true,"numYields":2,"nreturned":1,"queryHash":"81AA23CA","planCacheKey":"CF7B1BBB","queryFramework":"classic","reslen":287,"locks":{"FeatureCompatibilityVersion":{"acquireCount":{"r":3}},"Global":{"acquireCount":{"r":3}},"Mutex":{"acquireCount":{"r":1}}},"readConcern":{"level":"local","provenance":"implicitDefault"},"storage":{"data":{"bytesRead":370,"timeReadingMicros":27},"timeWaitingMicros":{"schemaLock":27911}},"remote":"127.0.0.1:33450","protocol":"op_msg","durationMillis":119}}
{"t":{"$date":"2026-04-30T10:50:01.566+00:00"},"s":"I",  "c":"ACCESS",   "id":20250,   "ctx":"conn21","msg":"Authentication succeeded","attr":{"mechanism":"SCRAM-SHA-256","speculative":true,"principalName":"appsmith","authenticationDatabase":"appsmith","remote":"127.0.0.1:46266","extraInfo":{}}}
{"t":{"$date":"2026-04-30T10:50:01.589+00:00"},"s":"I",  "c":"ACCESS",   "id":20250,   "ctx":"conn20","msg":"Authentication succeeded","attr":{"mechanism":"SCRAM-SHA-256","speculative":true,"principalName":"appsmith","authenticationDatabase":"appsmith","remote":"127.0.0.1:46262","extraInfo":{}}}
{"t":{"$date":"2026-04-30T10:50:14.788+00:00"},"s":"I",  "c":"WTCHKPT",  "id":22430,   "ctx":"Checkpointer","msg":"WiredTiger message","attr":{"message":{"ts_sec":1777546214,"ts_usec":787828,"thread":"1708:0xffff9e52ec40","session_name":"WT_SESSION.checkpoint","category":"WT_VERB_CHECKPOINT_PROGRESS","category_id":6,"verbose_level":"DEBUG","verbose_level_id":1,"msg":"saving checkpoint snapshot min: 63, snapshot max: 63 snapshot count: 0, oldest timestamp: (1777545901, 2) , meta checkpoint timestamp: (1777546201, 2) base write gen: 2785"}}}
{"t":{"$date":"2026-04-30T10:51:14.825+00:00"},"s":"I",  "c":"WTCHKPT",  "id":22430,   "ctx":"Checkpointer","msg":"WiredTiger message","attr":{"message":{"ts_sec":1777546274,"ts_usec":825133,"thread":"1708:0xffff9e52ec40","session_name":"WT_SESSION.checkpoint","category":"WT_VERB_CHECKPOINT_PROGRESS","category_id":6,"verbose_level":"DEBUG","verbose_level_id":1,"msg":"saving checkpoint snapshot min: 78, snapshot max: 78 snapshot count: 0, oldest timestamp: (1777545964, 1) , meta checkpoint timestamp: (1777546264, 1) base write gen: 2785"}}}
{"t":{"$date":"2026-04-30T10:52:11.170+00:00"},"s":"I",  "c":"NETWORK",  "id":22943,   "ctx":"listener","msg":"Connection accepted","attr":{"remote":"127.0.0.1:55650","uuid":"068a7472-bb25-4654-867b-5dd4d8cf1d0c","connectionId":22,"connectionCount":11}}
{"t":{"$date":"2026-04-30T10:52:11.171+00:00"},"s":"I",  "c":"NETWORK",  "id":51800,   "ctx":"conn22","msg":"client metadata","attr":{"remote":"127.0.0.1:55650","client":"conn22","negotiatedCompressors":[],"doc":{"application":{"name":"mongosh 2.8.2"},"driver":{"name":"nodejs|mongosh","version":"7.1.0|2.8.2"},"platform":"Node.js v24.14.1, LE","os":{"name":"linux","architecture":"arm64","version":"4.14.355-280.714.amzn2.aarch64","type":"Linux"},"env":{"container":{"runtime":"docker"}}}}}
{"t":{"$date":"2026-04-30T10:52:11.174+00:00"},"s":"I",  "c":"NETWORK",  "id":22943,   "ctx":"listener","msg":"Connection accepted","attr":{"remote":"127.0.0.1:55666","uuid":"a3676750-31d1-4dc2-adcb-4bd003dca6fd","connectionId":23,"connectionCount":12}}
{"t":{"$date":"2026-04-30T10:52:11.175+00:00"},"s":"I",  "c":"NETWORK",  "id":51800,   "ctx":"conn23","msg":"client metadata","attr":{"remote":"127.0.0.1:55666","client":"conn23","negotiatedCompressors":[],"doc":{"application":{"name":"mongosh 2.8.2"},"driver":{"name":"nodejs|mongosh","version":"7.1.0|2.8.2"},"platform":"Node.js v24.14.1, LE","os":{"name":"linux","architecture":"arm64","version":"4.14.355-280.714.amzn2.aarch64","type":"Linux"},"env":{"container":{"runtime":"docker"}}}}}
{"t":{"$date":"2026-04-30T10:52:11.180+00:00"},"s":"I",  "c":"ACCESS",   "id":20250,   "ctx":"conn23","msg":"Authentication succeeded","attr":{"mechanism":"SCRAM-SHA-256","speculative":true,"principalName":"appsmith","authenticationDatabase":"appsmith","remote":"127.0.0.1:55666","extraInfo":{}}}
{"t":{"$date":"2026-04-30T10:52:11.257+00:00"},"s":"I",  "c":"NETWORK",  "id":22943,   "ctx":"listener","msg":"Connection accepted","attr":{"remote":"127.0.0.1:60234","uuid":"196b89b8-2a0d-43c5-9892-f4b13507cebc","connectionId":24,"connectionCount":13}}
{"t":{"$date":"2026-04-30T10:52:11.257+00:00"},"s":"I",  "c":"NETWORK",  "id":22943,   "ctx":"listener","msg":"Connection accepted","attr":{"remote":"127.0.0.1:60248","uuid":"1d1335f3-7d44-4508-bfec-2c87b99dc4c0","connectionId":25,"connectionCount":14}}
{"t":{"$date":"2026-04-30T10:52:11.258+00:00"},"s":"I",  "c":"NETWORK",  "id":51800,   "ctx":"conn24","msg":"client metadata","attr":{"remote":"127.0.0.1:60234","client":"conn24","negotiatedCompressors":[],"doc":{"application":{"name":"mongosh 2.8.2"},"driver":{"name":"nodejs|mongosh","version":"7.1.0|2.8.2"},"platform":"Node.js v24.14.1, LE","os":{"name":"linux","architecture":"arm64","version":"4.14.355-280.714.amzn2.aarch64","type":"Linux"},"env":{"container":{"runtime":"docker"}}}}}
{"t":{"$date":"2026-04-30T10:52:11.259+00:00"},"s":"I",  "c":"NETWORK",  "id":51800,   "ctx":"conn25","msg":"client metadata","attr":{"remote":"127.0.0.1:60248","client":"conn25","negotiatedCompressors":[],"doc":{"application":{"name":"mongosh 2.8.2"},"driver":{"name":"nodejs|mongosh","version":"7.1.0|2.8.2"},"platform":"Node.js v24.14.1, LE","os":{"name":"linux","architecture":"arm64","version":"4.14.355-280.714.amzn2.aarch64","type":"Linux"},"env":{"container":{"runtime":"docker"}}}}}
{"t":{"$date":"2026-04-30T10:52:11.260+00:00"},"s":"I",  "c":"ACCESS",   "id":20250,   "ctx":"conn24","msg":"Authentication succeeded","attr":{"mechanism":"SCRAM-SHA-256","speculative":true,"principalName":"appsmith","authenticationDatabase":"appsmith","remote":"127.0.0.1:60234","extraInfo":{}}}
{"t":{"$date":"2026-04-30T10:52:11.262+00:00"},"s":"I",  "c":"ACCESS",   "id":20250,   "ctx":"conn25","msg":"Authentication succeeded","attr":{"mechanism":"SCRAM-SHA-256","speculative":true,"principalName":"appsmith","authenticationDatabase":"appsmith","remote":"127.0.0.1:60248","extraInfo":{}}}
{"t":{"$date":"2026-04-30T10:52:11.265+00:00"},"s":"I",  "c":"NETWORK",  "id":22944,   "ctx":"conn24","msg":"Connection ended","attr":{"remote":"127.0.0.1:60234","uuid":"196b89b8-2a0d-43c5-9892-f4b13507cebc","connectionId":24,"connectionCount":13}}
{"t":{"$date":"2026-04-30T10:52:11.267+00:00"},"s":"I",  "c":"NETWORK",  "id":22944,   "ctx":"conn22","msg":"Connection ended","attr":{"remote":"127.0.0.1:55650","uuid":"068a7472-bb25-4654-867b-5dd4d8cf1d0c","connectionId":22,"connectionCount":12}}
{"t":{"$date":"2026-04-30T10:52:11.267+00:00"},"s":"I",  "c":"NETWORK",  "id":22944,   "ctx":"conn25","msg":"Connection ended","attr":{"remote":"127.0.0.1:60248","uuid":"1d1335f3-7d44-4508-bfec-2c87b99dc4c0","connectionId":25,"connectionCount":11}}
{"t":{"$date":"2026-04-30T10:52:11.268+00:00"},"s":"I",  "c":"NETWORK",  "id":22944,   "ctx":"conn23","msg":"Connection ended","attr":{"remote":"127.0.0.1:55666","uuid":"a3676750-31d1-4dc2-adcb-4bd003dca6fd","connectionId":23,"connectionCount":10}}
{"t":{"$date":"2026-04-30T10:52:14.852+00:00"},"s":"I",  "c":"WTCHKPT",  "id":22430,   "ctx":"Checkpointer","msg":"WiredTiger message","attr":{"message":{"ts_sec":1777546334,"ts_usec":851849,"thread":"1708:0xffff9e52ec40","session_name":"WT_SESSION.checkpoint","category":"WT_VERB_CHECKPOINT_PROGRESS","category_id":6,"verbose_level":"DEBUG","verbose_level_id":1,"msg":"saving checkpoint snapshot min: 93, snapshot max: 93 snapshot count: 0, oldest timestamp: (1777546024, 1) , meta checkpoint timestamp: (1777546324, 1) base write gen: 2785"}}}
{"t":{"$date":"2026-04-30T10:52:19.375+00:00"},"s":"I",  "c":"NETWORK",  "id":22943,   "ctx":"listener","msg":"Connection accepted","attr":{"remote":"127.0.0.1:60260","uuid":"5564e543-af13-4797-9ab4-1173b1aabdfa","connectionId":26,"connectionCount":11}}
{"t":{"$date":"2026-04-30T10:52:19.377+00:00"},"s":"I",  "c":"NETWORK",  "id":51800,   "ctx":"conn26","msg":"client metadata","attr":{"remote":"127.0.0.1:60260","client":"conn26","negotiatedCompressors":[],"doc":{"application":{"name":"mongosh 2.8.2"},"driver":{"name":"nodejs|mongosh","version":"7.1.0|2.8.2"},"platform":"Node.js v24.14.1, LE","os":{"name":"linux","architecture":"arm64","version":"4.14.355-280.714.amzn2.aarch64","type":"Linux"},"env":{"container":{"runtime":"docker"}}}}}
{"t":{"$date":"2026-04-30T10:52:19.380+00:00"},"s":"I",  "c":"NETWORK",  "id":22943,   "ctx":"listener","msg":"Connection accepted","attr":{"remote":"127.0.0.1:60262","uuid":"31b287f3-0170-4450-b73f-fd41be7da2d0","connectionId":27,"connectionCount":12}}
{"t":{"$date":"2026-04-30T10:52:19.380+00:00"},"s":"I",  "c":"NETWORK",  "id":51800,   "ctx":"conn27","msg":"client metadata","attr":{"remote":"127.0.0.1:60262","client":"conn27","negotiatedCompressors":[],"doc":{"application":{"name":"mongosh 2.8.2"},"driver":{"name":"nodejs|mongosh","version":"7.1.0|2.8.2"},"platform":"Node.js v24.14.1, LE","os":{"name":"linux","architecture":"arm64","version":"4.14.355-280.714.amzn2.aarch64","type":"Linux"},"env":{"container":{"runtime":"docker"}}}}}
{"t":{"$date":"2026-04-30T10:52:19.386+00:00"},"s":"I",  "c":"ACCESS",   "id":20250,   "ctx":"conn27","msg":"Authentication succeeded","attr":{"mechanism":"SCRAM-SHA-256","speculative":true,"principalName":"appsmith","authenticationDatabase":"appsmith","remote":"127.0.0.1:60262","extraInfo":{}}}
{"t":{"$date":"2026-04-30T10:52:19.463+00:00"},"s":"I",  "c":"NETWORK",  "id":22943,   "ctx":"listener","msg":"Connection accepted","attr":{"remote":"127.0.0.1:60276","uuid":"3da9b7cd-c8a6-4ebf-891d-d8a098336c24","connectionId":28,"connectionCount":13}}
{"t":{"$date":"2026-04-30T10:52:19.463+00:00"},"s":"I",  "c":"NETWORK",  "id":22943,   "ctx":"listener","msg":"Connection accepted","attr":{"remote":"127.0.0.1:60286","uuid":"f77e56de-34d6-48e8-b108-53d5120b3706","connectionId":29,"connectionCount":14}}
{"t":{"$date":"2026-04-30T10:52:19.464+00:00"},"s":"I",  "c":"NETWORK",  "id":51800,   "ctx":"conn28","msg":"client metadata","attr":{"remote":"127.0.0.1:60276","client":"conn28","negotiatedCompressors":[],"doc":{"application":{"name":"mongosh 2.8.2"},"driver":{"name":"nodejs|mongosh","version":"7.1.0|2.8.2"},"platform":"Node.js v24.14.1, LE","os":{"name":"linux","architecture":"arm64","version":"4.14.355-280.714.amzn2.aarch64","type":"Linux"},"env":{"container":{"runtime":"docker"}}}}}
{"t":{"$date":"2026-04-30T10:52:19.464+00:00"},"s":"I",  "c":"NETWORK",  "id":51800,   "ctx":"conn29","msg":"client metadata","attr":{"remote":"127.0.0.1:60286","client":"conn29","negotiatedCompressors":[],"doc":{"application":{"name":"mongosh 2.8.2"},"driver":{"name":"nodejs|mongosh","version":"7.1.0|2.8.2"},"platform":"Node.js v24.14.1, LE","os":{"name":"linux","architecture":"arm64","version":"4.14.355-280.714.amzn2.aarch64","type":"Linux"},"env":{"container":{"runtime":"docker"}}}}}
{"t":{"$date":"2026-04-30T10:52:19.466+00:00"},"s":"I",  "c":"ACCESS",   "id":20250,   "ctx":"conn28","msg":"Authentication succeeded","attr":{"mechanism":"SCRAM-SHA-256","speculative":true,"principalName":"appsmith","authenticationDatabase":"appsmith","remote":"127.0.0.1:60276","extraInfo":{}}}
{"t":{"$date":"2026-04-30T10:52:19.467+00:00"},"s":"I",  "c":"ACCESS",   "id":20250,   "ctx":"conn29","msg":"Authentication succeeded","attr":{"mechanism":"SCRAM-SHA-256","speculative":true,"principalName":"appsmith","authenticationDatabase":"appsmith","remote":"127.0.0.1:60286","extraInfo":{}}}
{"t":{"$date":"2026-04-30T10:52:19.473+00:00"},"s":"I",  "c":"NETWORK",  "id":22944,   "ctx":"conn26","msg":"Connection ended","attr":{"remote":"127.0.0.1:60260","uuid":"5564e543-af13-4797-9ab4-1173b1aabdfa","connectionId":26,"connectionCount":13}}
{"t":{"$date":"2026-04-30T10:52:19.474+00:00"},"s":"I",  "c":"NETWORK",  "id":22944,   "ctx":"conn28","msg":"Connection ended","attr":{"remote":"127.0.0.1:60276","uuid":"3da9b7cd-c8a6-4ebf-891d-d8a098336c24","connectionId":28,"connectionCount":11}}
{"t":{"$date":"2026-04-30T10:52:19.473+00:00"},"s":"I",  "c":"NETWORK",  "id":22944,   "ctx":"conn29","msg":"Connection ended","attr":{"remote":"127.0.0.1:60286","uuid":"f77e56de-34d6-48e8-b108-53d5120b3706","connectionId":29,"connectionCount":12}}
{"t":{"$date":"2026-04-30T10:52:19.474+00:00"},"s":"I",  "c":"NETWORK",  "id":22944,   "ctx":"conn27","msg":"Connection ended","attr":{"remote":"127.0.0.1:60262","uuid":"31b287f3-0170-4450-b73f-fd41be7da2d0","connectionId":27,"connectionCount":10}}
{"t":{"$date":"2026-04-30T10:53:14.871+00:00"},"s":"I",  "c":"WTCHKPT",  "id":22430,   "ctx":"Checkpointer","msg":"WiredTiger message","attr":{"message":{"ts_sec":1777546394,"ts_usec":871606,"thread":"1708:0xffff9e52ec40","session_name":"WT_SESSION.checkpoint","category":"WT_VERB_CHECKPOINT_PROGRESS","category_id":6,"verbose_level":"DEBUG","verbose_level_id":1,"msg":"saving checkpoint snapshot min: 107, snapshot max: 107 snapshot count: 0, oldest timestamp: (1777546085, 1) , meta checkpoint timestamp: (1777546385, 1) base write gen: 2785"}}}
{"t":{"$date":"2026-04-30T10:54:14.912+00:00"},"s":"I",  "c":"WTCHKPT",  "id":22430,   "ctx":"Checkpointer","msg":"WiredTiger message","attr":{"message":{"ts_sec":1777546454,"ts_usec":912587,"thread":"1708:0xffff9e52ec40","session_name":"WT_SESSION.checkpoint","category":"WT_VERB_CHECKPOINT_PROGRESS","category_id":6,"verbose_level":"DEBUG","verbose_level_id":1,"msg":"saving checkpoint snapshot min: 129, snapshot max: 130 snapshot count: 1, oldest timestamp: (1777546154, 13) , meta checkpoint timestamp: (1777546437, 1) base write gen: 2785"}}}
{"t":{"$date":"2026-04-30T10:54:43.605+00:00"},"s":"I",  "c":"NETWORK",  "id":22943,   "ctx":"listener","msg":"Connection accepted","attr":{"remote":"127.0.0.1:56894","uuid":"4a9967cc-e46e-4a4e-8e84-120e08ccf620","connectionId":30,"connectionCount":11}}
{"t":{"$date":"2026-04-30T10:54:43.607+00:00"},"s":"I",  "c":"NETWORK",  "id":51800,   "ctx":"conn30","msg":"client metadata","attr":{"remote":"127.0.0.1:56894","client":"conn30","negotiatedCompressors":[],"doc":{"application":{"name":"mongosh 2.8.2"},"driver":{"name":"nodejs|mongosh","version":"7.1.0|2.8.2"},"platform":"Node.js v24.14.1, LE","os":{"name":"linux","architecture":"arm64","version":"4.14.355-280.714.amzn2.aarch64","type":"Linux"},"env":{"container":{"runtime":"docker"}}}}}
{"t":{"$date":"2026-04-30T10:54:43.610+00:00"},"s":"I",  "c":"NETWORK",  "id":22943,   "ctx":"listener","msg":"Connection accepted","attr":{"remote":"127.0.0.1:56910","uuid":"cddcca43-6944-4943-8670-1a7095dbea0b","connectionId":31,"connectionCount":12}}
{"t":{"$date":"2026-04-30T10:54:43.611+00:00"},"s":"I",  "c":"NETWORK",  "id":51800,   "ctx":"conn31","msg":"client metadata","attr":{"remote":"127.0.0.1:56910","client":"conn31","negotiatedCompressors":[],"doc":{"application":{"name":"mongosh 2.8.2"},"driver":{"name":"nodejs|mongosh","version":"7.1.0|2.8.2"},"platform":"Node.js v24.14.1, LE","os":{"name":"linux","architecture":"arm64","version":"4.14.355-280.714.amzn2.aarch64","type":"Linux"},"env":{"container":{"runtime":"docker"}}}}}
{"t":{"$date":"2026-04-30T10:54:43.615+00:00"},"s":"I",  "c":"ACCESS",   "id":20250,   "ctx":"conn31","msg":"Authentication succeeded","attr":{"mechanism":"SCRAM-SHA-256","speculative":true,"principalName":"appsmith","authenticationDatabase":"appsmith","remote":"127.0.0.1:56910","extraInfo":{}}}
{"t":{"$date":"2026-04-30T10:54:43.690+00:00"},"s":"I",  "c":"NETWORK",  "id":22943,   "ctx":"listener","msg":"Connection accepted","attr":{"remote":"127.0.0.1:56922","uuid":"0e25c231-047d-4018-b816-6caae59fd455","connectionId":32,"connectionCount":13}}
{"t":{"$date":"2026-04-30T10:54:43.691+00:00"},"s":"I",  "c":"NETWORK",  "id":22943,   "ctx":"listener","msg":"Connection accepted","attr":{"remote":"127.0.0.1:56932","uuid":"e8264057-99fc-4974-a397-8fdf0ee56808","connectionId":33,"connectionCount":14}}
{"t":{"$date":"2026-04-30T10:54:43.691+00:00"},"s":"I",  "c":"NETWORK",  "id":51800,   "ctx":"conn32","msg":"client metadata","attr":{"remote":"127.0.0.1:56922","client":"conn32","negotiatedCompressors":[],"doc":{"application":{"name":"mongosh 2.8.2"},"driver":{"name":"nodejs|mongosh","version":"7.1.0|2.8.2"},"platform":"Node.js v24.14.1, LE","os":{"name":"linux","architecture":"arm64","version":"4.14.355-280.714.amzn2.aarch64","type":"Linux"},"env":{"container":{"runtime":"docker"}}}}}
{"t":{"$date":"2026-04-30T10:54:43.692+00:00"},"s":"I",  "c":"NETWORK",  "id":51800,   "ctx":"conn33","msg":"client metadata","attr":{"remote":"127.0.0.1:56932","client":"conn33","negotiatedCompressors":[],"doc":{"application":{"name":"mongosh 2.8.2"},"driver":{"name":"nodejs|mongosh","version":"7.1.0|2.8.2"},"platform":"Node.js v24.14.1, LE","os":{"name":"linux","architecture":"arm64","version":"4.14.355-280.714.amzn2.aarch64","type":"Linux"},"env":{"container":{"runtime":"docker"}}}}}
{"t":{"$date":"2026-04-30T10:54:43.694+00:00"},"s":"I",  "c":"ACCESS",   "id":20250,   "ctx":"conn32","msg":"Authentication succeeded","attr":{"mechanism":"SCRAM-SHA-256","speculative":true,"principalName":"appsmith","authenticationDatabase":"appsmith","remote":"127.0.0.1:56922","extraInfo":{}}}
{"t":{"$date":"2026-04-30T10:54:43.695+00:00"},"s":"I",  "c":"ACCESS",   "id":20250,   "ctx":"conn33","msg":"Authentication succeeded","attr":{"mechanism":"SCRAM-SHA-256","speculative":true,"principalName":"appsmith","authenticationDatabase":"appsmith","remote":"127.0.0.1:56932","extraInfo":{}}}
{"t":{"$date":"2026-04-30T10:54:43.701+00:00"},"s":"I",  "c":"NETWORK",  "id":22944,   "ctx":"conn30","msg":"Connection ended","attr":{"remote":"127.0.0.1:56894","uuid":"4a9967cc-e46e-4a4e-8e84-120e08ccf620","connectionId":30,"connectionCount":13}}
{"t":{"$date":"2026-04-30T10:54:43.701+00:00"},"s":"I",  "c":"NETWORK",  "id":22944,   "ctx":"conn32","msg":"Connection ended","attr":{"remote":"127.0.0.1:56922","uuid":"0e25c231-047d-4018-b816-6caae59fd455","connectionId":32,"connectionCount":12}}
{"t":{"$date":"2026-04-30T10:54:43.701+00:00"},"s":"I",  "c":"NETWORK",  "id":22944,   "ctx":"conn33","msg":"Connection ended","attr":{"remote":"127.0.0.1:56932","uuid":"e8264057-99fc-4974-a397-8fdf0ee56808","connectionId":33,"connectionCount":10}}
{"t":{"$date":"2026-04-30T10:54:43.701+00:00"},"s":"I",  "c":"NETWORK",  "id":22944,   "ctx":"conn31","msg":"Connection ended","attr":{"remote":"127.0.0.1:56910","uuid":"cddcca43-6944-4943-8670-1a7095dbea0b","connectionId":31,"connectionCount":11}}
{"t":{"$date":"2026-04-30T10:55:14.950+00:00"},"s":"I",  "c":"WTCHKPT",  "id":22430,   "ctx":"Checkpointer","msg":"WiredTiger message","attr":{"message":{"ts_sec":1777546514,"ts_usec":949858,"thread":"1708:0xffff9e52ec40","session_name":"WT_SESSION.checkpoint","category":"WT_VERB_CHECKPOINT_PROGRESS","category_id":6,"verbose_level":"DEBUG","verbose_level_id":1,"msg":"saving checkpoint snapshot min: 152, snapshot max: 152 snapshot count: 0, oldest timestamp: (1777546205, 1) , meta checkpoint timestamp: (1777546505, 1) base write gen: 2785"}}}
{"t":{"$date":"2026-04-30T10:55:31.315+00:00"},"s":"I",  "c":"NETWORK",  "id":22943,   "ctx":"listener","msg":"Connection accepted","attr":{"remote":"127.0.0.1:50280","uuid":"4e5fdc89-40d7-4d74-92b0-d4bd8bbb983a","connectionId":34,"connectionCount":11}}
{"t":{"$date":"2026-04-30T10:55:31.318+00:00"},"s":"I",  "c":"NETWORK",  "id":51800,   "ctx":"conn34","msg":"client metadata","attr":{"remote":"127.0.0.1:50280","client":"conn34","negotiatedCompressors":[],"doc":{"application":{"name":"mongosh 2.8.2"},"driver":{"name":"nodejs|mongosh","version":"7.1.0|2.8.2"},"platform":"Node.js v24.14.1, LE","os":{"name":"linux","architecture":"arm64","version":"4.14.355-280.714.amzn2.aarch64","type":"Linux"},"env":{"container":{"runtime":"docker"}}}}}
{"t":{"$date":"2026-04-30T10:55:31.321+00:00"},"s":"I",  "c":"NETWORK",  "id":22943,   "ctx":"listener","msg":"Connection accepted","attr":{"remote":"127.0.0.1:50286","uuid":"38ddb07c-f6bc-4215-8fd8-11b4dc37146b","connectionId":35,"connectionCount":12}}
{"t":{"$date":"2026-04-30T10:55:31.322+00:00"},"s":"I",  "c":"NETWORK",  "id":51800,   "ctx":"conn35","msg":"client metadata","attr":{"remote":"127.0.0.1:50286","client":"conn35","negotiatedCompressors":[],"doc":{"application":{"name":"mongosh 2.8.2"},"driver":{"name":"nodejs|mongosh","version":"7.1.0|2.8.2"},"platform":"Node.js v24.14.1, LE","os":{"name":"linux","architecture":"arm64","version":"4.14.355-280.714.amzn2.aarch64","type":"Linux"},"env":{"container":{"runtime":"docker"}}}}}
{"t":{"$date":"2026-04-30T10:55:31.327+00:00"},"s":"I",  "c":"ACCESS",   "id":20250,   "ctx":"conn35","msg":"Authentication succeeded","attr":{"mechanism":"SCRAM-SHA-256","speculative":true,"principalName":"appsmith","authenticationDatabase":"appsmith","remote":"127.0.0.1:50286","extraInfo":{}}}
{"t":{"$date":"2026-04-30T10:55:31.409+00:00"},"s":"I",  "c":"NETWORK",  "id":22943,   "ctx":"listener","msg":"Connection accepted","attr":{"remote":"127.0.0.1:50288","uuid":"7aadbeef-a4a7-41b7-bb40-04040b54fac6","connectionId":36,"connectionCount":13}}
{"t":{"$date":"2026-04-30T10:55:31.410+00:00"},"s":"I",  "c":"NETWORK",  "id":22943,   "ctx":"listener","msg":"Connection accepted","attr":{"remote":"127.0.0.1:50292","uuid":"77094a39-67df-4a2f-8f1b-5ed5c9d7b50f","connectionId":37,"connectionCount":14}}
{"t":{"$date":"2026-04-30T10:55:31.413+00:00"},"s":"I",  "c":"NETWORK",  "id":51800,   "ctx":"conn36","msg":"client metadata","attr":{"remote":"127.0.0.1:50288","client":"conn36","negotiatedCompressors":[],"doc":{"application":{"name":"mongosh 2.8.2"},"driver":{"name":"nodejs|mongosh","version":"7.1.0|2.8.2"},"platform":"Node.js v24.14.1, LE","os":{"name":"linux","architecture":"arm64","version":"4.14.355-280.714.amzn2.aarch64","type":"Linux"},"env":{"container":{"runtime":"docker"}}}}}
{"t":{"$date":"2026-04-30T10:55:31.413+00:00"},"s":"I",  "c":"NETWORK",  "id":51800,   "ctx":"conn37","msg":"client metadata","attr":{"remote":"127.0.0.1:50292","client":"conn37","negotiatedCompressors":[],"doc":{"application":{"name":"mongosh 2.8.2"},"driver":{"name":"nodejs|mongosh","version":"7.1.0|2.8.2"},"platform":"Node.js v24.14.1, LE","os":{"name":"linux","architecture":"arm64","version":"4.14.355-280.714.amzn2.aarch64","type":"Linux"},"env":{"container":{"runtime":"docker"}}}}}
{"t":{"$date":"2026-04-30T10:55:31.414+00:00"},"s":"I",  "c":"ACCESS",   "id":20250,   "ctx":"conn36","msg":"Authentication succeeded","attr":{"mechanism":"SCRAM-SHA-256","speculative":true,"principalName":"appsmith","authenticationDatabase":"appsmith","remote":"127.0.0.1:50288","extraInfo":{}}}
{"t":{"$date":"2026-04-30T10:55:31.415+00:00"},"s":"I",  "c":"ACCESS",   "id":20250,   "ctx":"conn37","msg":"Authentication succeeded","attr":{"mechanism":"SCRAM-SHA-256","speculative":true,"principalName":"appsmith","authenticationDatabase":"appsmith","remote":"127.0.0.1:50292","extraInfo":{}}}
{"t":{"$date":"2026-04-30T10:55:31.423+00:00"},"s":"I",  "c":"NETWORK",  "id":22944,   "ctx":"conn34","msg":"Connection ended","attr":{"remote":"127.0.0.1:50280","uuid":"4e5fdc89-40d7-4d74-92b0-d4bd8bbb983a","connectionId":34,"connectionCount":13}}
{"t":{"$date":"2026-04-30T10:55:31.423+00:00"},"s":"I",  "c":"NETWORK",  "id":22944,   "ctx":"conn35","msg":"Connection ended","attr":{"remote":"127.0.0.1:50286","uuid":"38ddb07c-f6bc-4215-8fd8-11b4dc37146b","connectionId":35,"connectionCount":12}}
{"t":{"$date":"2026-04-30T10:55:31.423+00:00"},"s":"I",  "c":"NETWORK",  "id":22944,   "ctx":"conn37","msg":"Connection ended","attr":{"remote":"127.0.0.1:50292","uuid":"77094a39-67df-4a2f-8f1b-5ed5c9d7b50f","connectionId":37,"connectionCount":11}}
{"t":{"$date":"2026-04-30T10:55:31.423+00:00"},"s":"I",  "c":"NETWORK",  "id":22944,   "ctx":"conn36","msg":"Connection ended","attr":{"remote":"127.0.0.1:50288","uuid":"7aadbeef-a4a7-41b7-bb40-04040b54fac6","connectionId":36,"connectionCount":10}}
{"t":{"$date":"2026-04-30T10:56:14.988+00:00"},"s":"I",  "c":"WTCHKPT",  "id":22430,   "ctx":"Checkpointer","msg":"WiredTiger message","attr":{"message":{"ts_sec":1777546574,"ts_usec":987879,"thread":"1708:0xffff9e52ec40","session_name":"WT_SESSION.checkpoint","category":"WT_VERB_CHECKPOINT_PROGRESS","category_id":6,"verbose_level":"DEBUG","verbose_level_id":1,"msg":"saving checkpoint snapshot min: 167, snapshot max: 167 snapshot count: 0, oldest timestamp: (1777546265, 1) , meta checkpoint timestamp: (1777546565, 1) base write gen: 2785"}}}
{"t":{"$date":"2026-04-30T10:57:15.022+00:00"},"s":"I",  "c":"WTCHKPT",  "id":22430,   "ctx":"Checkpointer","msg":"WiredTiger message","attr":{"message":{"ts_sec":1777546635,"ts_usec":22053,"thread":"1708:0xffff9e52ec40","session_name":"WT_SESSION.checkpoint","category":"WT_VERB_CHECKPOINT_PROGRESS","category_id":6,"verbose_level":"DEBUG","verbose_level_id":1,"msg":"saving checkpoint snapshot min: 182, snapshot max: 182 snapshot count: 0, oldest timestamp: (1777546325, 1) , meta checkpoint timestamp: (1777546625, 1) base write gen: 2785"}}}
{"t":{"$date":"2026-04-30T10:58:15.050+00:00"},"s":"I",  "c":"WTCHKPT",  "id":22430,   "ctx":"Checkpointer","msg":"WiredTiger message","attr":{"message":{"ts_sec":1777546695,"ts_usec":50381,"thread":"1708:0xffff9e52ec40","session_name":"WT_SESSION.checkpoint","category":"WT_VERB_CHECKPOINT_PROGRESS","category_id":6,"verbose_level":"DEBUG","verbose_level_id":1,"msg":"saving checkpoint snapshot min: 203, snapshot max: 203 snapshot count: 0, oldest timestamp: (1777546385, 1) , meta checkpoint timestamp: (1777546685, 1) base write gen: 2785"}}}
{"t":{"$date":"2026-04-30T10:59:15.085+00:00"},"s":"I",  "c":"WTCHKPT",  "id":22430,   "ctx":"Checkpointer","msg":"WiredTiger message","attr":{"message":{"ts_sec":1777546755,"ts_usec":84808,"thread":"1708:0xffff9e52ec40","session_name":"WT_SESSION.checkpoint","category":"WT_VERB_CHECKPOINT_PROGRESS","category_id":6,"verbose_level":"DEBUG","verbose_level_id":1,"msg":"saving checkpoint snapshot min: 227, snapshot max: 227 snapshot count: 0, oldest timestamp: (1777546454, 8) , meta checkpoint timestamp: (1777546754, 8) base write gen: 2785"}}}
{"t":{"$date":"2026-04-30T11:00:15.116+00:00"},"s":"I",  "c":"WTCHKPT",  "id":22430,   "ctx":"Checkpointer","msg":"WiredTiger message","attr":{"message":{"ts_sec":1777546815,"ts_usec":116563,"thread":"1708:0xffff9e52ec40","session_name":"WT_SESSION.checkpoint","category":"WT_VERB_CHECKPOINT_PROGRESS","category_id":6,"verbose_level":"DEBUG","verbose_level_id":1,"msg":"saving checkpoint snapshot min: 240, snapshot max: 240 snapshot count: 0, oldest timestamp: (1777546505, 1) , meta checkpoint timestamp: (1777546805, 1) base write gen: 2785"}}}
