1943:C 29 Apr 2026 18:14:38.288 * oO0OoO0OoO0Oo Redis is starting oO0OoO0OoO0Oo
1943:C 29 Apr 2026 18:14:38.288 * Redis version=7.4.8, bits=64, commit=00000000, modified=0, pid=1943, just started
1943:C 29 Apr 2026 18:14:38.288 * Configuration loaded
1943:M 29 Apr 2026 18:14:38.289 * monotonic clock: POSIX clock_gettime
1943:M 29 Apr 2026 18:14:38.290 * Running mode=standalone, port=6379.
1943:M 29 Apr 2026 18:14:38.290 * Server initialized
1943:M 29 Apr 2026 18:14:38.291 * Ready to accept connections tcp
1943:M 29 Apr 2026 18:15:02.748 * 1 changes in 15 seconds. Saving...
1943:M 29 Apr 2026 18:15:02.748 * Background saving started by pid 2316
2316:C 29 Apr 2026 18:15:02.751 * DB saved on disk
2316:C 29 Apr 2026 18:15:02.751 * Fork CoW for RDB: current 0 MB, peak 0 MB, average 0 MB
1943:M 29 Apr 2026 18:15:02.852 * Background saving terminated with success
1943:M 29 Apr 2026 18:15:18.019 * 1 changes in 15 seconds. Saving...
1943:M 29 Apr 2026 18:15:18.024 * Background saving started by pid 2337
2337:C 29 Apr 2026 18:15:18.032 * DB saved on disk
2337:C 29 Apr 2026 18:15:18.032 * Fork CoW for RDB: current 0 MB, peak 0 MB, average 0 MB
1943:M 29 Apr 2026 18:15:18.127 * Background saving terminated with success
1943:M 29 Apr 2026 18:16:17.826 * 1 changes in 15 seconds. Saving...
1943:M 29 Apr 2026 18:16:17.829 * Background saving started by pid 2379
2379:C 29 Apr 2026 18:16:17.849 * DB saved on disk
2379:C 29 Apr 2026 18:16:17.849 * Fork CoW for RDB: current 0 MB, peak 0 MB, average 0 MB
1943:M 29 Apr 2026 18:16:17.933 * Background saving terminated with success
1943:M 29 Apr 2026 18:16:33.071 * 1 changes in 15 seconds. Saving...
1943:M 29 Apr 2026 18:16:33.081 * Background saving started by pid 2389
2389:C 29 Apr 2026 18:16:33.090 * DB saved on disk
2389:C 29 Apr 2026 18:16:33.090 * Fork CoW for RDB: current 0 MB, peak 0 MB, average 0 MB
1943:M 29 Apr 2026 18:16:33.186 * Background saving terminated with success
1943:M 29 Apr 2026 18:17:01.463 * 1 changes in 15 seconds. Saving...
1943:M 29 Apr 2026 18:17:01.467 * Background saving started by pid 2409
2409:C 29 Apr 2026 18:17:01.478 * DB saved on disk
2409:C 29 Apr 2026 18:17:01.478 * Fork CoW for RDB: current 0 MB, peak 0 MB, average 0 MB
1943:M 29 Apr 2026 18:17:01.574 * Background saving terminated with success
1943:M 29 Apr 2026 18:18:22.206 * 1 changes in 15 seconds. Saving...
1943:M 29 Apr 2026 18:18:22.208 * Background saving started by pid 2456
2456:C 29 Apr 2026 18:18:22.212 * DB saved on disk
2456:C 29 Apr 2026 18:18:22.212 * Fork CoW for RDB: current 0 MB, peak 0 MB, average 0 MB
1943:M 29 Apr 2026 18:18:22.310 * Background saving terminated with success
1943:M 29 Apr 2026 18:18:38.066 * 1 changes in 15 seconds. Saving...
1943:M 29 Apr 2026 18:18:38.077 * Background saving started by pid 2487
2487:C 29 Apr 2026 18:18:38.092 * DB saved on disk
2487:C 29 Apr 2026 18:18:38.092 * Fork CoW for RDB: current 0 MB, peak 0 MB, average 0 MB
1943:M 29 Apr 2026 18:18:38.179 * Background saving terminated with success
1943:M 29 Apr 2026 18:19:26.432 * 1 changes in 15 seconds. Saving...
1943:M 29 Apr 2026 18:19:26.434 * Background saving started by pid 2516
2516:C 29 Apr 2026 18:19:26.437 * DB saved on disk
2516:C 29 Apr 2026 18:19:26.437 * Fork CoW for RDB: current 0 MB, peak 0 MB, average 0 MB
1943:M 29 Apr 2026 18:19:26.540 * Background saving terminated with success
1943:M 29 Apr 2026 18:20:41.842 * 1 changes in 15 seconds. Saving...
1943:M 29 Apr 2026 18:20:41.845 * Background saving started by pid 2573
2573:C 29 Apr 2026 18:20:41.848 * DB saved on disk
2573:C 29 Apr 2026 18:20:41.848 * Fork CoW for RDB: current 0 MB, peak 0 MB, average 0 MB
1943:M 29 Apr 2026 18:20:41.948 * Background saving terminated with success
1943:M 29 Apr 2026 18:20:57.020 * 1 changes in 15 seconds. Saving...
1943:M 29 Apr 2026 18:20:57.023 * Background saving started by pid 2589
2589:C 29 Apr 2026 18:20:57.031 * DB saved on disk
2589:C 29 Apr 2026 18:20:57.032 * Fork CoW for RDB: current 0 MB, peak 0 MB, average 0 MB
1943:M 29 Apr 2026 18:20:57.126 * Background saving terminated with success
1943:M 29 Apr 2026 18:21:13.072 * 1 changes in 15 seconds. Saving...
1943:M 29 Apr 2026 18:21:13.077 * Background saving started by pid 2604
2604:C 29 Apr 2026 18:21:13.087 * DB saved on disk
2604:C 29 Apr 2026 18:21:13.087 * Fork CoW for RDB: current 0 MB, peak 0 MB, average 0 MB
1943:M 29 Apr 2026 18:21:13.182 * Background saving terminated with success
1943:M 29 Apr 2026 18:22:12.459 * 1 changes in 15 seconds. Saving...
1943:M 29 Apr 2026 18:22:12.463 * Background saving started by pid 2642
2642:C 29 Apr 2026 18:22:12.469 * DB saved on disk
2642:C 29 Apr 2026 18:22:12.469 * Fork CoW for RDB: current 0 MB, peak 0 MB, average 0 MB
1943:M 29 Apr 2026 18:22:12.564 * Background saving terminated with success
1943:M 29 Apr 2026 18:22:28.077 * 1 changes in 15 seconds. Saving...
1943:M 29 Apr 2026 18:22:28.081 * Background saving started by pid 2655
2655:C 29 Apr 2026 18:22:28.091 * DB saved on disk
2655:C 29 Apr 2026 18:22:28.092 * Fork CoW for RDB: current 0 MB, peak 0 MB, average 0 MB
1943:M 29 Apr 2026 18:22:28.188 * Background saving terminated with success
1943:M 29 Apr 2026 18:22:44.071 * 1 changes in 15 seconds. Saving...
1943:M 29 Apr 2026 18:22:44.074 * Background saving started by pid 2666
2666:C 29 Apr 2026 18:22:44.082 * DB saved on disk
2666:C 29 Apr 2026 18:22:44.083 * Fork CoW for RDB: current 0 MB, peak 0 MB, average 0 MB
1943:M 29 Apr 2026 18:22:44.177 * Background saving terminated with success
1943:M 29 Apr 2026 18:23:10.401 * 1 changes in 15 seconds. Saving...
1943:M 29 Apr 2026 18:23:10.403 * Background saving started by pid 2685
2685:C 29 Apr 2026 18:23:10.407 * DB saved on disk
2685:C 29 Apr 2026 18:23:10.407 * Fork CoW for RDB: current 0 MB, peak 0 MB, average 0 MB
1943:M 29 Apr 2026 18:23:10.505 * Background saving terminated with success
1943:M 29 Apr 2026 18:23:26.035 * 1 changes in 15 seconds. Saving...
1943:M 29 Apr 2026 18:23:26.041 * Background saving started by pid 2695
2695:C 29 Apr 2026 18:23:26.053 * DB saved on disk
2695:C 29 Apr 2026 18:23:26.054 * Fork CoW for RDB: current 0 MB, peak 0 MB, average 0 MB
1943:M 29 Apr 2026 18:23:26.145 * Background saving terminated with success
1943:M 29 Apr 2026 18:25:22.429 * 1 changes in 15 seconds. Saving...
1943:M 29 Apr 2026 18:25:22.430 * Background saving started by pid 2771
2771:C 29 Apr 2026 18:25:22.434 * DB saved on disk
2771:C 29 Apr 2026 18:25:22.434 * Fork CoW for RDB: current 0 MB, peak 0 MB, average 0 MB
1943:M 29 Apr 2026 18:25:22.535 * Background saving terminated with success
1943:M 29 Apr 2026 18:25:38.037 * 1 changes in 15 seconds. Saving...
1943:M 29 Apr 2026 18:25:38.039 * Background saving started by pid 2786
2786:C 29 Apr 2026 18:25:38.042 * DB saved on disk
2786:C 29 Apr 2026 18:25:38.043 * Fork CoW for RDB: current 0 MB, peak 0 MB, average 0 MB
1943:M 29 Apr 2026 18:25:38.144 * Background saving terminated with success
1943:M 29 Apr 2026 18:25:54.031 * 1 changes in 15 seconds. Saving...
1943:M 29 Apr 2026 18:25:54.037 * Background saving started by pid 2797
2797:C 29 Apr 2026 18:25:54.045 * DB saved on disk
2797:C 29 Apr 2026 18:25:54.045 * Fork CoW for RDB: current 0 MB, peak 0 MB, average 0 MB
1943:M 29 Apr 2026 18:25:54.140 * Background saving terminated with success
1943:M 29 Apr 2026 18:26:40.669 * 1 changes in 15 seconds. Saving...
1943:M 29 Apr 2026 18:26:40.670 * Background saving started by pid 2826
2826:C 29 Apr 2026 18:26:40.678 * DB saved on disk
2826:C 29 Apr 2026 18:26:40.678 * Fork CoW for RDB: current 0 MB, peak 0 MB, average 0 MB
1943:M 29 Apr 2026 18:26:40.772 * Background saving terminated with success
1943:M 29 Apr 2026 18:26:56.075 * 1 changes in 15 seconds. Saving...
1943:M 29 Apr 2026 18:26:56.078 * Background saving started by pid 2839
2839:C 29 Apr 2026 18:26:56.088 * DB saved on disk
2839:C 29 Apr 2026 18:26:56.089 * Fork CoW for RDB: current 0 MB, peak 0 MB, average 0 MB
1943:M 29 Apr 2026 18:26:56.181 * Background saving terminated with success
1943:M 29 Apr 2026 18:31:02.110 * 1 changes in 15 seconds. Saving...
1943:M 29 Apr 2026 18:31:02.112 * Background saving started by pid 2988
2988:C 29 Apr 2026 18:31:02.118 * DB saved on disk
2988:C 29 Apr 2026 18:31:02.119 * Fork CoW for RDB: current 0 MB, peak 0 MB, average 0 MB
1943:M 29 Apr 2026 18:31:02.215 * Background saving terminated with success
1943:M 29 Apr 2026 18:31:18.049 * 1 changes in 15 seconds. Saving...
1943:M 29 Apr 2026 18:31:18.054 * Background saving started by pid 3003
3003:C 29 Apr 2026 18:31:18.062 * DB saved on disk
3003:C 29 Apr 2026 18:31:18.062 * Fork CoW for RDB: current 0 MB, peak 0 MB, average 0 MB
1943:M 29 Apr 2026 18:31:18.162 * Background saving terminated with success
1943:M 29 Apr 2026 18:31:43.677 * 1 changes in 15 seconds. Saving...
1943:M 29 Apr 2026 18:31:43.677 * Background saving started by pid 3023
3023:C 29 Apr 2026 18:31:43.680 * DB saved on disk
3023:C 29 Apr 2026 18:31:43.680 * Fork CoW for RDB: current 0 MB, peak 0 MB, average 0 MB
1943:M 29 Apr 2026 18:31:43.780 * Background saving terminated with success
1943:M 29 Apr 2026 18:32:00.279 * 1 changes in 15 seconds. Saving...
1943:M 29 Apr 2026 18:32:00.280 * Background saving started by pid 3033
3033:C 29 Apr 2026 18:32:00.283 * DB saved on disk
3033:C 29 Apr 2026 18:32:00.283 * Fork CoW for RDB: current 0 MB, peak 0 MB, average 0 MB
1943:M 29 Apr 2026 18:32:00.382 * Background saving terminated with success
1943:M 29 Apr 2026 18:32:34.578 * 1 changes in 15 seconds. Saving...
1943:M 29 Apr 2026 18:32:34.579 * Background saving started by pid 3052
3052:C 29 Apr 2026 18:32:34.582 * DB saved on disk
3052:C 29 Apr 2026 18:32:34.582 * Fork CoW for RDB: current 0 MB, peak 0 MB, average 0 MB
1943:M 29 Apr 2026 18:32:34.685 * Background saving terminated with success
1943:M 29 Apr 2026 18:32:50.102 * 1 changes in 15 seconds. Saving...
1943:M 29 Apr 2026 18:32:50.103 * Background saving started by pid 3063
3063:C 29 Apr 2026 18:32:50.108 * DB saved on disk
3063:C 29 Apr 2026 18:32:50.108 * Fork CoW for RDB: current 0 MB, peak 0 MB, average 0 MB
1943:M 29 Apr 2026 18:32:50.207 * Background saving terminated with success
1943:M 29 Apr 2026 18:33:06.000 * 1 changes in 15 seconds. Saving...
1943:M 29 Apr 2026 18:33:06.011 * Background saving started by pid 3073
3073:C 29 Apr 2026 18:33:06.022 * DB saved on disk
3073:C 29 Apr 2026 18:33:06.022 * Fork CoW for RDB: current 0 MB, peak 0 MB, average 0 MB
1943:M 29 Apr 2026 18:33:06.113 * Background saving terminated with success
1943:M 29 Apr 2026 18:33:45.373 * 1 changes in 15 seconds. Saving...
1943:M 29 Apr 2026 18:33:45.374 * Background saving started by pid 3102
3102:C 29 Apr 2026 18:33:45.378 * DB saved on disk
3102:C 29 Apr 2026 18:33:45.378 * Fork CoW for RDB: current 0 MB, peak 0 MB, average 0 MB
1943:M 29 Apr 2026 18:33:45.478 * Background saving terminated with success
1943:M 29 Apr 2026 18:34:01.075 * 1 changes in 15 seconds. Saving...
1943:M 29 Apr 2026 18:34:01.090 * Background saving started by pid 3112
3112:C 29 Apr 2026 18:34:01.097 * DB saved on disk
3112:C 29 Apr 2026 18:34:01.097 * Fork CoW for RDB: current 0 MB, peak 0 MB, average 0 MB
1943:M 29 Apr 2026 18:34:01.197 * Background saving terminated with success
1943:M 29 Apr 2026 18:34:31.907 * 1 changes in 15 seconds. Saving...
1943:M 29 Apr 2026 18:34:31.910 * Background saving started by pid 3131
3131:C 29 Apr 2026 18:34:31.918 * DB saved on disk
3131:C 29 Apr 2026 18:34:31.918 * Fork CoW for RDB: current 0 MB, peak 0 MB, average 0 MB
1943:M 29 Apr 2026 18:34:32.011 * Background saving terminated with success
1943:M 29 Apr 2026 18:35:02.610 * 1 changes in 15 seconds. Saving...
1943:M 29 Apr 2026 18:35:02.612 * Background saving started by pid 3151
3151:C 29 Apr 2026 18:35:02.616 * DB saved on disk
3151:C 29 Apr 2026 18:35:02.616 * Fork CoW for RDB: current 0 MB, peak 0 MB, average 0 MB
1943:M 29 Apr 2026 18:35:02.718 * Background saving terminated with success
1943:M 29 Apr 2026 18:36:12.328 * 1 changes in 15 seconds. Saving...
1943:M 29 Apr 2026 18:36:12.329 * Background saving started by pid 3198
3198:C 29 Apr 2026 18:36:12.332 * DB saved on disk
3198:C 29 Apr 2026 18:36:12.332 * Fork CoW for RDB: current 0 MB, peak 0 MB, average 0 MB
1943:M 29 Apr 2026 18:36:12.436 * Background saving terminated with success
1943:M 29 Apr 2026 18:38:35.303 * 1 changes in 15 seconds. Saving...
1943:M 29 Apr 2026 18:38:35.307 * Background saving started by pid 3286
3286:C 29 Apr 2026 18:38:35.313 * DB saved on disk
3286:C 29 Apr 2026 18:38:35.313 * Fork CoW for RDB: current 0 MB, peak 0 MB, average 0 MB
1943:M 29 Apr 2026 18:38:35.410 * Background saving terminated with success
1943:M 29 Apr 2026 18:39:22.348 * 1 changes in 15 seconds. Saving...
1943:M 29 Apr 2026 18:39:22.350 * Background saving started by pid 3320
3320:C 29 Apr 2026 18:39:22.357 * DB saved on disk
3320:C 29 Apr 2026 18:39:22.358 * Fork CoW for RDB: current 0 MB, peak 0 MB, average 0 MB
1943:M 29 Apr 2026 18:39:22.457 * Background saving terminated with success
1943:M 29 Apr 2026 18:39:38.001 * 1 changes in 15 seconds. Saving...
1943:M 29 Apr 2026 18:39:38.003 * Background saving started by pid 3330
3330:C 29 Apr 2026 18:39:38.009 * DB saved on disk
3330:C 29 Apr 2026 18:39:38.009 * Fork CoW for RDB: current 0 MB, peak 0 MB, average 0 MB
1943:M 29 Apr 2026 18:39:38.110 * Background saving terminated with success
1943:M 29 Apr 2026 18:41:22.485 * 1 changes in 15 seconds. Saving...
1943:M 29 Apr 2026 18:41:22.487 * Background saving started by pid 3396
3396:C 29 Apr 2026 18:41:22.491 * DB saved on disk
3396:C 29 Apr 2026 18:41:22.491 * Fork CoW for RDB: current 0 MB, peak 0 MB, average 0 MB
1943:M 29 Apr 2026 18:41:22.593 * Background saving terminated with success
1943:M 29 Apr 2026 18:41:41.338 * 1 changes in 15 seconds. Saving...
1943:M 29 Apr 2026 18:41:41.341 * Background saving started by pid 3412
3412:C 29 Apr 2026 18:41:41.347 * DB saved on disk
3412:C 29 Apr 2026 18:41:41.347 * Fork CoW for RDB: current 0 MB, peak 0 MB, average 0 MB
1943:M 29 Apr 2026 18:41:41.443 * Background saving terminated with success
1943:M 29 Apr 2026 18:41:57.040 * 1 changes in 15 seconds. Saving...
1943:M 29 Apr 2026 18:41:57.045 * Background saving started by pid 3422
3422:C 29 Apr 2026 18:41:57.052 * DB saved on disk
3422:C 29 Apr 2026 18:41:57.052 * Fork CoW for RDB: current 0 MB, peak 0 MB, average 0 MB
1943:M 29 Apr 2026 18:41:57.149 * Background saving terminated with success
1943:M 29 Apr 2026 18:44:03.974 * 1 changes in 15 seconds. Saving...
1943:M 29 Apr 2026 18:44:03.975 * Background saving started by pid 3506
3506:C 29 Apr 2026 18:44:03.977 * DB saved on disk
3506:C 29 Apr 2026 18:44:03.977 * Fork CoW for RDB: current 0 MB, peak 0 MB, average 0 MB
1943:M 29 Apr 2026 18:44:04.078 * Background saving terminated with success
1943:M 29 Apr 2026 18:44:20.011 * 1 changes in 15 seconds. Saving...
1943:M 29 Apr 2026 18:44:20.014 * Background saving started by pid 3521
3521:C 29 Apr 2026 18:44:20.020 * DB saved on disk
3521:C 29 Apr 2026 18:44:20.020 * Fork CoW for RDB: current 0 MB, peak 0 MB, average 0 MB
1943:M 29 Apr 2026 18:44:20.120 * Background saving terminated with success
1943:M 29 Apr 2026 18:44:36.001 * 1 changes in 15 seconds. Saving...
1943:M 29 Apr 2026 18:44:36.005 * Background saving started by pid 3531
3531:C 29 Apr 2026 18:44:36.011 * DB saved on disk
3531:C 29 Apr 2026 18:44:36.011 * Fork CoW for RDB: current 0 MB, peak 0 MB, average 0 MB
1943:M 29 Apr 2026 18:44:36.109 * Background saving terminated with success
1943:M 29 Apr 2026 18:44:52.062 * 1 changes in 15 seconds. Saving...
1943:M 29 Apr 2026 18:44:52.074 * Background saving started by pid 3542
3542:C 29 Apr 2026 18:44:52.077 * DB saved on disk
3542:C 29 Apr 2026 18:44:52.078 * Fork CoW for RDB: current 0 MB, peak 0 MB, average 0 MB
1943:M 29 Apr 2026 18:44:52.180 * Background saving terminated with success
1943:M 29 Apr 2026 18:45:08.084 * 1 changes in 15 seconds. Saving...
1943:M 29 Apr 2026 18:45:08.086 * Background saving started by pid 3552
3552:C 29 Apr 2026 18:45:08.097 * DB saved on disk
3552:C 29 Apr 2026 18:45:08.098 * Fork CoW for RDB: current 0 MB, peak 0 MB, average 0 MB
1943:M 29 Apr 2026 18:45:08.188 * Background saving terminated with success
1943:M 29 Apr 2026 18:45:24.033 * 1 changes in 15 seconds. Saving...
1943:M 29 Apr 2026 18:45:24.041 * Background saving started by pid 3562
3562:C 29 Apr 2026 18:45:24.050 * DB saved on disk
3562:C 29 Apr 2026 18:45:24.051 * Fork CoW for RDB: current 0 MB, peak 0 MB, average 0 MB
1943:M 29 Apr 2026 18:45:24.146 * Background saving terminated with success
1943:M 29 Apr 2026 18:45:40.065 * 1 changes in 15 seconds. Saving...
1943:M 29 Apr 2026 18:45:40.072 * Background saving started by pid 3573
3573:C 29 Apr 2026 18:45:40.078 * DB saved on disk
3573:C 29 Apr 2026 18:45:40.078 * Fork CoW for RDB: current 0 MB, peak 0 MB, average 0 MB
1943:M 29 Apr 2026 18:45:40.176 * Background saving terminated with success
1943:M 29 Apr 2026 18:46:39.627 * 1 changes in 15 seconds. Saving...
1943:M 29 Apr 2026 18:46:39.629 * Background saving started by pid 3611
3611:C 29 Apr 2026 18:46:39.633 * DB saved on disk
3611:C 29 Apr 2026 18:46:39.633 * Fork CoW for RDB: current 0 MB, peak 0 MB, average 0 MB
1943:M 29 Apr 2026 18:46:39.732 * Background saving terminated with success
1943:M 29 Apr 2026 18:48:13.864 * 1 changes in 15 seconds. Saving...
1943:M 29 Apr 2026 18:48:13.867 * Background saving started by pid 3667
3667:C 29 Apr 2026 18:48:13.875 * DB saved on disk
3667:C 29 Apr 2026 18:48:13.875 * Fork CoW for RDB: current 0 MB, peak 0 MB, average 0 MB
1943:M 29 Apr 2026 18:48:13.969 * Background saving terminated with success
1943:M 29 Apr 2026 18:48:29.024 * 1 changes in 15 seconds. Saving...
1943:M 29 Apr 2026 18:48:29.027 * Background saving started by pid 3681
3681:C 29 Apr 2026 18:48:29.033 * DB saved on disk
3681:C 29 Apr 2026 18:48:29.034 * Fork CoW for RDB: current 0 MB, peak 0 MB, average 0 MB
1943:M 29 Apr 2026 18:48:29.129 * Background saving terminated with success
1943:M 29 Apr 2026 18:57:41.566 * 1 changes in 15 seconds. Saving...
1943:M 29 Apr 2026 18:57:41.568 * Background saving started by pid 4018
4018:C 29 Apr 2026 18:57:41.573 * DB saved on disk
4018:C 29 Apr 2026 18:57:41.573 * Fork CoW for RDB: current 0 MB, peak 0 MB, average 0 MB
1943:M 29 Apr 2026 18:57:41.670 * Background saving terminated with success
1943:M 29 Apr 2026 18:57:57.054 * 1 changes in 15 seconds. Saving...
1943:M 29 Apr 2026 18:57:57.067 * Background saving started by pid 4034
4034:C 29 Apr 2026 18:57:57.084 * DB saved on disk
4034:C 29 Apr 2026 18:57:57.084 * Fork CoW for RDB: current 0 MB, peak 0 MB, average 0 MB
1943:M 29 Apr 2026 18:57:57.173 * Background saving terminated with success
1943:M 29 Apr 2026 18:58:13.093 * 1 changes in 15 seconds. Saving...
1943:M 29 Apr 2026 18:58:13.105 * Background saving started by pid 4044
4044:C 29 Apr 2026 18:58:13.116 * DB saved on disk
4044:C 29 Apr 2026 18:58:13.116 * Fork CoW for RDB: current 0 MB, peak 0 MB, average 0 MB
1943:M 29 Apr 2026 18:58:13.209 * Background saving terminated with success
1943:M 29 Apr 2026 18:58:40.997 * 1 changes in 15 seconds. Saving...
1943:M 29 Apr 2026 18:58:41.000 * Background saving started by pid 4064
4064:C 29 Apr 2026 18:58:41.005 * DB saved on disk
4064:C 29 Apr 2026 18:58:41.005 * Fork CoW for RDB: current 0 MB, peak 0 MB, average 0 MB
1943:M 29 Apr 2026 18:58:41.101 * Background saving terminated with success
1943:M 29 Apr 2026 18:58:57.057 * 1 changes in 15 seconds. Saving...
1943:M 29 Apr 2026 18:58:57.068 * Background saving started by pid 4074
4074:C 29 Apr 2026 18:58:57.073 * DB saved on disk
4074:C 29 Apr 2026 18:58:57.074 * Fork CoW for RDB: current 0 MB, peak 0 MB, average 0 MB
1943:M 29 Apr 2026 18:58:57.175 * Background saving terminated with success
1943:M 29 Apr 2026 18:59:13.009 * 1 changes in 15 seconds. Saving...
1943:M 29 Apr 2026 18:59:13.018 * Background saving started by pid 4084
4084:C 29 Apr 2026 18:59:13.026 * DB saved on disk
4084:C 29 Apr 2026 18:59:13.026 * Fork CoW for RDB: current 0 MB, peak 0 MB, average 0 MB
1943:M 29 Apr 2026 18:59:13.126 * Background saving terminated with success
1943:M 29 Apr 2026 18:59:30.894 * 1 changes in 15 seconds. Saving...
1943:M 29 Apr 2026 18:59:30.897 * Background saving started by pid 4102
4102:C 29 Apr 2026 18:59:30.901 * DB saved on disk
4102:C 29 Apr 2026 18:59:30.901 * Fork CoW for RDB: current 0 MB, peak 0 MB, average 0 MB
1943:M 29 Apr 2026 18:59:31.000 * Background saving terminated with success
1943:M 29 Apr 2026 18:59:47.031 * 1 changes in 15 seconds. Saving...
1943:M 29 Apr 2026 18:59:47.034 * Background saving started by pid 4114
4114:C 29 Apr 2026 18:59:47.042 * DB saved on disk
4114:C 29 Apr 2026 18:59:47.042 * Fork CoW for RDB: current 0 MB, peak 0 MB, average 0 MB
1943:M 29 Apr 2026 18:59:47.139 * Background saving terminated with success
1943:M 29 Apr 2026 19:00:06.187 * 1 changes in 15 seconds. Saving...
1943:M 29 Apr 2026 19:00:06.190 * Background saving started by pid 4124
4124:C 29 Apr 2026 19:00:06.194 * DB saved on disk
4124:C 29 Apr 2026 19:00:06.194 * Fork CoW for RDB: current 0 MB, peak 0 MB, average 0 MB
1943:M 29 Apr 2026 19:00:06.293 * Background saving terminated with success
1943:M 29 Apr 2026 19:00:22.012 * 1 changes in 15 seconds. Saving...
1943:M 29 Apr 2026 19:00:22.019 * Background saving started by pid 4134
4134:C 29 Apr 2026 19:00:22.032 * DB saved on disk
4134:C 29 Apr 2026 19:00:22.033 * Fork CoW for RDB: current 0 MB, peak 0 MB, average 0 MB
1943:M 29 Apr 2026 19:00:22.122 * Background saving terminated with success
1943:M 29 Apr 2026 19:00:38.092 * 1 changes in 15 seconds. Saving...
1943:M 29 Apr 2026 19:00:38.097 * Background saving started by pid 4144
4144:C 29 Apr 2026 19:00:38.103 * DB saved on disk
4144:C 29 Apr 2026 19:00:38.103 * Fork CoW for RDB: current 0 MB, peak 0 MB, average 0 MB
1943:M 29 Apr 2026 19:00:38.204 * Background saving terminated with success
1943:M 29 Apr 2026 19:00:54.090 * 1 changes in 15 seconds. Saving...
1943:M 29 Apr 2026 19:00:54.095 * Background saving started by pid 4155
4155:C 29 Apr 2026 19:00:54.101 * DB saved on disk
4155:C 29 Apr 2026 19:00:54.102 * Fork CoW for RDB: current 0 MB, peak 0 MB, average 0 MB
1943:M 29 Apr 2026 19:00:54.197 * Background saving terminated with success
1943:M 29 Apr 2026 19:01:10.009 * 1 changes in 15 seconds. Saving...
1943:M 29 Apr 2026 19:01:10.014 * Background saving started by pid 4165
4165:C 29 Apr 2026 19:01:10.019 * DB saved on disk
4165:C 29 Apr 2026 19:01:10.019 * Fork CoW for RDB: current 0 MB, peak 0 MB, average 0 MB
1943:M 29 Apr 2026 19:01:10.118 * Background saving terminated with success
1943:M 29 Apr 2026 19:01:26.033 * 1 changes in 15 seconds. Saving...
1943:M 29 Apr 2026 19:01:26.038 * Background saving started by pid 4175
4175:C 29 Apr 2026 19:01:26.047 * DB saved on disk
4175:C 29 Apr 2026 19:01:26.048 * Fork CoW for RDB: current 0 MB, peak 0 MB, average 0 MB
1943:M 29 Apr 2026 19:01:26.141 * Background saving terminated with success
1943:M 29 Apr 2026 19:02:26.760 * 1 changes in 15 seconds. Saving...
1943:M 29 Apr 2026 19:02:26.764 * Background saving started by pid 4213
4213:C 29 Apr 2026 19:02:26.769 * DB saved on disk
4213:C 29 Apr 2026 19:02:26.769 * Fork CoW for RDB: current 0 MB, peak 0 MB, average 0 MB
1943:M 29 Apr 2026 19:02:26.870 * Background saving terminated with success
1943:M 29 Apr 2026 19:02:42.034 * 1 changes in 15 seconds. Saving...
1943:M 29 Apr 2026 19:02:42.044 * Background saving started by pid 4228
4228:C 29 Apr 2026 19:02:42.051 * DB saved on disk
4228:C 29 Apr 2026 19:02:42.052 * Fork CoW for RDB: current 0 MB, peak 0 MB, average 0 MB
1943:M 29 Apr 2026 19:02:42.150 * Background saving terminated with success
1943:M 29 Apr 2026 19:04:05.649 * 1 changes in 15 seconds. Saving...
1943:M 29 Apr 2026 19:04:05.650 * Background saving started by pid 4284
4284:C 29 Apr 2026 19:04:05.657 * DB saved on disk
4284:C 29 Apr 2026 19:04:05.657 * Fork CoW for RDB: current 0 MB, peak 0 MB, average 0 MB
1943:M 29 Apr 2026 19:04:05.758 * Background saving terminated with success
1943:M 29 Apr 2026 19:04:46.720 * 1 changes in 15 seconds. Saving...
1943:M 29 Apr 2026 19:04:46.721 * Background saving started by pid 4309
4309:C 29 Apr 2026 19:04:46.725 * DB saved on disk
4309:C 29 Apr 2026 19:04:46.725 * Fork CoW for RDB: current 0 MB, peak 0 MB, average 0 MB
1943:M 29 Apr 2026 19:04:46.826 * Background saving terminated with success
1943:M 29 Apr 2026 19:05:02.047 * 1 changes in 15 seconds. Saving...
1943:M 29 Apr 2026 19:05:02.050 * Background saving started by pid 4319
4319:C 29 Apr 2026 19:05:02.055 * DB saved on disk
4319:C 29 Apr 2026 19:05:02.055 * Fork CoW for RDB: current 0 MB, peak 0 MB, average 0 MB
1943:M 29 Apr 2026 19:05:02.156 * Background saving terminated with success
1943:M 29 Apr 2026 19:05:18.066 * 1 changes in 15 seconds. Saving...
1943:M 29 Apr 2026 19:05:18.069 * Background saving started by pid 4329
4329:C 29 Apr 2026 19:05:18.079 * DB saved on disk
4329:C 29 Apr 2026 19:05:18.080 * Fork CoW for RDB: current 0 MB, peak 0 MB, average 0 MB
1943:M 29 Apr 2026 19:05:18.176 * Background saving terminated with success
1943:M 29 Apr 2026 19:05:44.111 * 1 changes in 15 seconds. Saving...
1943:M 29 Apr 2026 19:05:44.113 * Background saving started by pid 4349
4349:C 29 Apr 2026 19:05:44.118 * DB saved on disk
4349:C 29 Apr 2026 19:05:44.118 * Fork CoW for RDB: current 0 MB, peak 0 MB, average 0 MB
1943:M 29 Apr 2026 19:05:44.215 * Background saving terminated with success
1943:M 29 Apr 2026 19:07:45.514 * 1 changes in 15 seconds. Saving...
1943:M 29 Apr 2026 19:07:45.516 * Background saving started by pid 4424
4424:C 29 Apr 2026 19:07:45.519 * DB saved on disk
4424:C 29 Apr 2026 19:07:45.519 * Fork CoW for RDB: current 0 MB, peak 0 MB, average 0 MB
1943:M 29 Apr 2026 19:07:45.620 * Background saving terminated with success
1943:M 29 Apr 2026 19:08:16.351 * 1 changes in 15 seconds. Saving...
1943:M 29 Apr 2026 19:08:16.360 * Background saving started by pid 4448
4448:C 29 Apr 2026 19:08:16.365 * DB saved on disk
4448:C 29 Apr 2026 19:08:16.365 * Fork CoW for RDB: current 0 MB, peak 0 MB, average 0 MB
1943:M 29 Apr 2026 19:08:16.465 * Background saving terminated with success
1943:M 29 Apr 2026 19:09:49.369 * 1 changes in 15 seconds. Saving...
1943:M 29 Apr 2026 19:09:49.371 * Background saving started by pid 4505
4505:C 29 Apr 2026 19:09:49.376 * DB saved on disk
4505:C 29 Apr 2026 19:09:49.376 * Fork CoW for RDB: current 0 MB, peak 0 MB, average 0 MB
1943:M 29 Apr 2026 19:09:49.472 * Background saving terminated with success
1943:M 29 Apr 2026 19:11:35.833 * 1 changes in 15 seconds. Saving...
1943:M 29 Apr 2026 19:11:35.835 * Background saving started by pid 4574
4574:C 29 Apr 2026 19:11:35.839 * DB saved on disk
4574:C 29 Apr 2026 19:11:35.840 * Fork CoW for RDB: current 0 MB, peak 0 MB, average 0 MB
1943:M 29 Apr 2026 19:11:35.941 * Background saving terminated with success
1943:M 29 Apr 2026 19:12:12.512 * 1 changes in 15 seconds. Saving...
1943:M 29 Apr 2026 19:12:12.514 * Background saving started by pid 4607
4607:C 29 Apr 2026 19:12:12.519 * DB saved on disk
4607:C 29 Apr 2026 19:12:12.519 * Fork CoW for RDB: current 0 MB, peak 0 MB, average 0 MB
1943:M 29 Apr 2026 19:12:12.616 * Background saving terminated with success
1943:M 29 Apr 2026 19:12:28.071 * 1 changes in 15 seconds. Saving...
1943:M 29 Apr 2026 19:12:28.076 * Background saving started by pid 4617
4617:C 29 Apr 2026 19:12:28.085 * DB saved on disk
4617:C 29 Apr 2026 19:12:28.085 * Fork CoW for RDB: current 0 MB, peak 0 MB, average 0 MB
1943:M 29 Apr 2026 19:12:28.180 * Background saving terminated with success
1943:M 29 Apr 2026 19:15:11.399 * 1 changes in 15 seconds. Saving...
1943:M 29 Apr 2026 19:15:11.410 * Background saving started by pid 4711
4711:C 29 Apr 2026 19:15:11.421 * DB saved on disk
4711:C 29 Apr 2026 19:15:11.422 * Fork CoW for RDB: current 0 MB, peak 0 MB, average 0 MB
1943:M 29 Apr 2026 19:15:11.515 * Background saving terminated with success
1943:M 29 Apr 2026 19:16:30.240 * 1 changes in 15 seconds. Saving...
1943:M 29 Apr 2026 19:16:30.241 * Background saving started by pid 4767
4767:C 29 Apr 2026 19:16:30.244 * DB saved on disk
4767:C 29 Apr 2026 19:16:30.244 * Fork CoW for RDB: current 0 MB, peak 0 MB, average 0 MB
1943:M 29 Apr 2026 19:16:30.346 * Background saving terminated with success
1943:M 29 Apr 2026 19:17:03.154 * 1 changes in 15 seconds. Saving...
1943:M 29 Apr 2026 19:17:03.156 * Background saving started by pid 4792
4792:C 29 Apr 2026 19:17:03.160 * DB saved on disk
4792:C 29 Apr 2026 19:17:03.160 * Fork CoW for RDB: current 0 MB, peak 0 MB, average 0 MB
1943:M 29 Apr 2026 19:17:03.262 * Background saving terminated with success
1943:M 29 Apr 2026 19:17:56.405 * 1 changes in 15 seconds. Saving...
1943:M 29 Apr 2026 19:17:56.406 * Background saving started by pid 4821
4821:C 29 Apr 2026 19:17:56.409 * DB saved on disk
4821:C 29 Apr 2026 19:17:56.409 * Fork CoW for RDB: current 0 MB, peak 0 MB, average 0 MB
1943:M 29 Apr 2026 19:17:56.508 * Background saving terminated with success
1943:M 29 Apr 2026 19:21:13.947 * 1 changes in 15 seconds. Saving...
1943:M 29 Apr 2026 19:21:13.948 * Background saving started by pid 4942
4942:C 29 Apr 2026 19:21:13.953 * DB saved on disk
4942:C 29 Apr 2026 19:21:13.953 * Fork CoW for RDB: current 0 MB, peak 0 MB, average 0 MB
1943:M 29 Apr 2026 19:21:14.052 * Background saving terminated with success
1943:M 29 Apr 2026 19:21:30.081 * 1 changes in 15 seconds. Saving...
1943:M 29 Apr 2026 19:21:30.084 * Background saving started by pid 4957
4957:C 29 Apr 2026 19:21:30.091 * DB saved on disk
4957:C 29 Apr 2026 19:21:30.092 * Fork CoW for RDB: current 0 MB, peak 0 MB, average 0 MB
1943:M 29 Apr 2026 19:21:30.186 * Background saving terminated with success
1943:M 29 Apr 2026 19:22:18.724 * 1 changes in 15 seconds. Saving...
1943:M 29 Apr 2026 19:22:18.725 * Background saving started by pid 4986
4986:C 29 Apr 2026 19:22:18.728 * DB saved on disk
4986:C 29 Apr 2026 19:22:18.728 * Fork CoW for RDB: current 0 MB, peak 0 MB, average 0 MB
1943:M 29 Apr 2026 19:22:18.826 * Background saving terminated with success
1943:M 29 Apr 2026 19:23:28.283 * 1 changes in 15 seconds. Saving...
1943:M 29 Apr 2026 19:23:28.285 * Background saving started by pid 5034
5034:C 29 Apr 2026 19:23:28.290 * DB saved on disk
5034:C 29 Apr 2026 19:23:28.290 * Fork CoW for RDB: current 0 MB, peak 0 MB, average 0 MB
1943:M 29 Apr 2026 19:23:28.391 * Background saving terminated with success
1943:M 29 Apr 2026 19:23:44.089 * 1 changes in 15 seconds. Saving...
1943:M 29 Apr 2026 19:23:44.095 * Background saving started by pid 5049
5049:C 29 Apr 2026 19:23:44.105 * DB saved on disk
5049:C 29 Apr 2026 19:23:44.106 * Fork CoW for RDB: current 0 MB, peak 0 MB, average 0 MB
1943:M 29 Apr 2026 19:23:44.197 * Background saving terminated with success
1943:M 29 Apr 2026 19:24:43.085 * 1 changes in 15 seconds. Saving...
1943:M 29 Apr 2026 19:24:43.086 * Background saving started by pid 5088
5088:C 29 Apr 2026 19:24:43.092 * DB saved on disk
5088:C 29 Apr 2026 19:24:43.093 * Fork CoW for RDB: current 0 MB, peak 0 MB, average 0 MB
1943:M 29 Apr 2026 19:24:43.188 * Background saving terminated with success
1943:M 29 Apr 2026 19:24:59.021 * 1 changes in 15 seconds. Saving...
1943:M 29 Apr 2026 19:24:59.024 * Background saving started by pid 5102
5102:C 29 Apr 2026 19:24:59.032 * DB saved on disk
5102:C 29 Apr 2026 19:24:59.032 * Fork CoW for RDB: current 0 MB, peak 0 MB, average 0 MB
1943:M 29 Apr 2026 19:24:59.126 * Background saving terminated with success
1943:M 29 Apr 2026 19:25:15.694 * 1 changes in 15 seconds. Saving...
1943:M 29 Apr 2026 19:25:15.696 * Background saving started by pid 5112
5112:C 29 Apr 2026 19:25:15.707 * DB saved on disk
5112:C 29 Apr 2026 19:25:15.709 * Fork CoW for RDB: current 0 MB, peak 0 MB, average 0 MB
1943:M 29 Apr 2026 19:25:15.799 * Background saving terminated with success
1943:M 29 Apr 2026 19:25:31.009 * 1 changes in 15 seconds. Saving...
1943:M 29 Apr 2026 19:25:31.048 * Background saving started by pid 5122
5122:C 29 Apr 2026 19:25:31.059 * DB saved on disk
5122:C 29 Apr 2026 19:25:31.060 * Fork CoW for RDB: current 0 MB, peak 0 MB, average 0 MB
1943:M 29 Apr 2026 19:25:31.155 * Background saving terminated with success
