1680:C 29 Apr 2026 21:11:38.454 * oO0OoO0OoO0Oo Redis is starting oO0OoO0OoO0Oo
1680:C 29 Apr 2026 21:11:38.454 * Redis version=7.4.8, bits=64, commit=00000000, modified=0, pid=1680, just started
1680:C 29 Apr 2026 21:11:38.454 * Configuration loaded
1680:M 29 Apr 2026 21:11:38.454 * monotonic clock: POSIX clock_gettime
1680:M 29 Apr 2026 21:11:38.455 * Running mode=standalone, port=6379.
1680:M 29 Apr 2026 21:11:38.456 * Server initialized
1680:M 29 Apr 2026 21:11:38.458 * Loading RDB produced by version 7.4.8
1680:M 29 Apr 2026 21:11:38.458 * RDB age 6367 seconds
1680:M 29 Apr 2026 21:11:38.458 * RDB memory usage when created 1.34 Mb
1680:M 29 Apr 2026 21:11:38.459 * Done loading RDB, keys loaded: 10, keys expired: 1.
1680:M 29 Apr 2026 21:11:38.459 * DB loaded from disk: 0.003 seconds
1680:M 29 Apr 2026 21:11:38.459 * Ready to accept connections tcp
1710:C 29 Apr 2026 21:13:53.371 * oO0OoO0OoO0Oo Redis is starting oO0OoO0OoO0Oo
1710:C 29 Apr 2026 21:13:53.371 * Redis version=7.4.8, bits=64, commit=00000000, modified=0, pid=1710, just started
1710:C 29 Apr 2026 21:13:53.371 * Configuration loaded
1710:M 29 Apr 2026 21:13:53.372 * monotonic clock: POSIX clock_gettime
1710:M 29 Apr 2026 21:13:53.374 * Running mode=standalone, port=6379.
1710:M 29 Apr 2026 21:13:53.374 * Server initialized
1710:M 29 Apr 2026 21:13:53.377 * Loading RDB produced by version 7.4.8
1710:M 29 Apr 2026 21:13:53.377 * RDB age 6502 seconds
1710:M 29 Apr 2026 21:13:53.377 * RDB memory usage when created 1.34 Mb
1710:M 29 Apr 2026 21:13:53.378 * Done loading RDB, keys loaded: 10, keys expired: 1.
1710:M 29 Apr 2026 21:13:53.378 * DB loaded from disk: 0.003 seconds
1710:M 29 Apr 2026 21:13:53.378 * Ready to accept connections tcp
1712:C 29 Apr 2026 21:15:39.231 * oO0OoO0OoO0Oo Redis is starting oO0OoO0OoO0Oo
1712:C 29 Apr 2026 21:15:39.231 * Redis version=7.4.8, bits=64, commit=00000000, modified=0, pid=1712, just started
1712:C 29 Apr 2026 21:15:39.231 * Configuration loaded
1712:M 29 Apr 2026 21:15:39.232 * monotonic clock: POSIX clock_gettime
1712:M 29 Apr 2026 21:15:39.233 * Running mode=standalone, port=6379.
1712:M 29 Apr 2026 21:15:39.233 * Server initialized
1712:M 29 Apr 2026 21:15:39.235 * Loading RDB produced by version 7.4.8
1712:M 29 Apr 2026 21:15:39.235 * RDB age 6608 seconds
1712:M 29 Apr 2026 21:15:39.235 * RDB memory usage when created 1.34 Mb
1712:M 29 Apr 2026 21:15:39.235 * Done loading RDB, keys loaded: 10, keys expired: 1.
1712:M 29 Apr 2026 21:15:39.235 * DB loaded from disk: 0.001 seconds
1712:M 29 Apr 2026 21:15:39.235 * Ready to accept connections tcp
1712:M 29 Apr 2026 21:15:55.029 * 1 changes in 15 seconds. Saving...
1712:M 29 Apr 2026 21:15:55.031 * Background saving started by pid 2082
2082:C 29 Apr 2026 21:15:55.034 * DB saved on disk
2082:C 29 Apr 2026 21:15:55.035 * Fork CoW for RDB: current 0 MB, peak 0 MB, average 0 MB
1712:M 29 Apr 2026 21:15:55.133 * Background saving terminated with success
1712:M 29 Apr 2026 21:16:11.068 * 1 changes in 15 seconds. Saving...
1712:M 29 Apr 2026 21:16:11.068 * Background saving started by pid 2133
2133:C 29 Apr 2026 21:16:11.073 * DB saved on disk
2133:C 29 Apr 2026 21:16:11.074 * Fork CoW for RDB: current 0 MB, peak 0 MB, average 0 MB
1712:M 29 Apr 2026 21:16:11.175 * Background saving terminated with success
1712:M 29 Apr 2026 21:18:57.236 * 1 changes in 15 seconds. Saving...
1712:M 29 Apr 2026 21:18:57.242 * Background saving started by pid 2398
2398:C 29 Apr 2026 21:18:57.256 * DB saved on disk
2398:C 29 Apr 2026 21:18:57.256 * Fork CoW for RDB: current 0 MB, peak 0 MB, average 0 MB
1712:M 29 Apr 2026 21:18:57.344 * Background saving terminated with success
1712:M 29 Apr 2026 21:19:13.088 * 1 changes in 15 seconds. Saving...
1712:M 29 Apr 2026 21:19:13.090 * Background saving started by pid 2431
2431:C 29 Apr 2026 21:19:13.096 * DB saved on disk
2431:C 29 Apr 2026 21:19:13.097 * Fork CoW for RDB: current 0 MB, peak 0 MB, average 0 MB
1712:M 29 Apr 2026 21:19:13.193 * Background saving terminated with success
1712:M 29 Apr 2026 21:19:58.486 * 1 changes in 15 seconds. Saving...
1712:M 29 Apr 2026 21:19:58.488 * Background saving started by pid 2470
2470:C 29 Apr 2026 21:19:58.493 * DB saved on disk
2470:C 29 Apr 2026 21:19:58.494 * Fork CoW for RDB: current 0 MB, peak 0 MB, average 0 MB
1712:M 29 Apr 2026 21:19:58.589 * Background saving terminated with success
1712:M 29 Apr 2026 21:20:14.038 * 1 changes in 15 seconds. Saving...
1712:M 29 Apr 2026 21:20:14.041 * Background saving started by pid 2505
2505:C 29 Apr 2026 21:20:14.047 * DB saved on disk
2505:C 29 Apr 2026 21:20:14.048 * Fork CoW for RDB: current 0 MB, peak 0 MB, average 0 MB
1712:M 29 Apr 2026 21:20:14.143 * Background saving terminated with success
1712:M 29 Apr 2026 21:20:53.417 * 1 changes in 15 seconds. Saving...
1712:M 29 Apr 2026 21:20:53.418 * Background saving started by pid 2535
2535:C 29 Apr 2026 21:20:53.420 * DB saved on disk
2535:C 29 Apr 2026 21:20:53.420 * Fork CoW for RDB: current 0 MB, peak 0 MB, average 0 MB
1712:M 29 Apr 2026 21:20:53.520 * Background saving terminated with success
1712:M 29 Apr 2026 21:21:53.207 * 1 changes in 15 seconds. Saving...
1712:M 29 Apr 2026 21:21:53.208 * Background saving started by pid 2574
2574:C 29 Apr 2026 21:21:53.211 * DB saved on disk
2574:C 29 Apr 2026 21:21:53.211 * Fork CoW for RDB: current 0 MB, peak 0 MB, average 0 MB
1712:M 29 Apr 2026 21:21:53.314 * Background saving terminated with success
1712:M 29 Apr 2026 21:22:09.029 * 1 changes in 15 seconds. Saving...
1712:M 29 Apr 2026 21:22:09.029 * Background saving started by pid 2585
2585:C 29 Apr 2026 21:22:09.034 * DB saved on disk
2585:C 29 Apr 2026 21:22:09.034 * Fork CoW for RDB: current 0 MB, peak 0 MB, average 0 MB
1712:M 29 Apr 2026 21:22:09.135 * Background saving terminated with success
1712:M 29 Apr 2026 21:24:11.557 * 1 changes in 15 seconds. Saving...
1712:M 29 Apr 2026 21:24:11.560 * Background saving started by pid 2797
2797:C 29 Apr 2026 21:24:11.565 * DB saved on disk
2797:C 29 Apr 2026 21:24:11.565 * Fork CoW for RDB: current 0 MB, peak 0 MB, average 0 MB
1712:M 29 Apr 2026 21:24:11.662 * Background saving terminated with success
1712:M 29 Apr 2026 21:24:27.037 * 1 changes in 15 seconds. Saving...
1712:M 29 Apr 2026 21:24:27.038 * Background saving started by pid 2814
2814:C 29 Apr 2026 21:24:27.041 * DB saved on disk
2814:C 29 Apr 2026 21:24:27.042 * Fork CoW for RDB: current 0 MB, peak 0 MB, average 0 MB
1712:M 29 Apr 2026 21:24:27.141 * Background saving terminated with success
1712:M 29 Apr 2026 21:24:43.046 * 1 changes in 15 seconds. Saving...
1712:M 29 Apr 2026 21:24:43.050 * Background saving started by pid 2828
2828:C 29 Apr 2026 21:24:43.060 * DB saved on disk
2828:C 29 Apr 2026 21:24:43.060 * Fork CoW for RDB: current 0 MB, peak 0 MB, average 0 MB
1712:M 29 Apr 2026 21:24:43.152 * Background saving terminated with success
1712:M 29 Apr 2026 21:26:26.697 * 1 changes in 15 seconds. Saving...
1712:M 29 Apr 2026 21:26:26.700 * Background saving started by pid 2895
2895:C 29 Apr 2026 21:26:26.705 * DB saved on disk
2895:C 29 Apr 2026 21:26:26.705 * Fork CoW for RDB: current 0 MB, peak 0 MB, average 0 MB
1712:M 29 Apr 2026 21:26:26.804 * Background saving terminated with success
1712:M 29 Apr 2026 21:26:42.098 * 1 changes in 15 seconds. Saving...
1712:M 29 Apr 2026 21:26:42.100 * Background saving started by pid 2912
2912:C 29 Apr 2026 21:26:42.109 * DB saved on disk
2912:C 29 Apr 2026 21:26:42.110 * Fork CoW for RDB: current 0 MB, peak 0 MB, average 0 MB
1712:M 29 Apr 2026 21:26:42.207 * Background saving terminated with success
1712:M 29 Apr 2026 21:28:11.999 * 1 changes in 15 seconds. Saving...
1712:M 29 Apr 2026 21:28:12.001 * Background saving started by pid 3026
3026:C 29 Apr 2026 21:28:12.017 * DB saved on disk
3026:C 29 Apr 2026 21:28:12.018 * Fork CoW for RDB: current 0 MB, peak 0 MB, average 0 MB
1712:M 29 Apr 2026 21:28:12.104 * Background saving terminated with success
1712:M 29 Apr 2026 21:28:28.034 * 1 changes in 15 seconds. Saving...
1712:M 29 Apr 2026 21:28:28.037 * Background saving started by pid 3043
3043:C 29 Apr 2026 21:28:28.046 * DB saved on disk
3043:C 29 Apr 2026 21:28:28.047 * Fork CoW for RDB: current 0 MB, peak 0 MB, average 0 MB
1712:M 29 Apr 2026 21:28:28.142 * Background saving terminated with success
1712:M 29 Apr 2026 21:28:44.006 * 1 changes in 15 seconds. Saving...
1712:M 29 Apr 2026 21:28:44.008 * Background saving started by pid 3055
3055:C 29 Apr 2026 21:28:44.018 * DB saved on disk
3055:C 29 Apr 2026 21:28:44.018 * Fork CoW for RDB: current 0 MB, peak 0 MB, average 0 MB
1712:M 29 Apr 2026 21:28:44.110 * Background saving terminated with success
1712:M 29 Apr 2026 21:30:24.729 * 1 changes in 15 seconds. Saving...
1712:M 29 Apr 2026 21:30:24.733 * Background saving started by pid 3147
3147:C 29 Apr 2026 21:30:24.737 * DB saved on disk
3147:C 29 Apr 2026 21:30:24.738 * Fork CoW for RDB: current 0 MB, peak 0 MB, average 0 MB
1712:M 29 Apr 2026 21:30:24.838 * Background saving terminated with success
1712:M 29 Apr 2026 21:30:40.042 * 1 changes in 15 seconds. Saving...
1712:M 29 Apr 2026 21:30:40.045 * Background saving started by pid 3164
3164:C 29 Apr 2026 21:30:40.050 * DB saved on disk
3164:C 29 Apr 2026 21:30:40.050 * Fork CoW for RDB: current 0 MB, peak 0 MB, average 0 MB
1712:M 29 Apr 2026 21:30:40.152 * Background saving terminated with success
1712:M 29 Apr 2026 21:30:56.078 * 1 changes in 15 seconds. Saving...
1712:M 29 Apr 2026 21:30:56.092 * Background saving started by pid 3174
3174:C 29 Apr 2026 21:30:56.101 * DB saved on disk
3174:C 29 Apr 2026 21:30:56.101 * Fork CoW for RDB: current 0 MB, peak 0 MB, average 0 MB
1712:M 29 Apr 2026 21:30:56.194 * Background saving terminated with success
1712:M 29 Apr 2026 21:31:12.055 * 1 changes in 15 seconds. Saving...
1712:M 29 Apr 2026 21:31:12.068 * Background saving started by pid 3184
3184:C 29 Apr 2026 21:31:12.083 * DB saved on disk
3184:C 29 Apr 2026 21:31:12.085 * Fork CoW for RDB: current 0 MB, peak 0 MB, average 0 MB
1712:M 29 Apr 2026 21:31:12.169 * Background saving terminated with success
1712:M 29 Apr 2026 21:34:02.618 * 1 changes in 15 seconds. Saving...
1712:M 29 Apr 2026 21:34:02.619 * Background saving started by pid 3342
3342:C 29 Apr 2026 21:34:02.623 * DB saved on disk
3342:C 29 Apr 2026 21:34:02.623 * Fork CoW for RDB: current 0 MB, peak 0 MB, average 0 MB
1712:M 29 Apr 2026 21:34:02.726 * Background saving terminated with success
1712:M 29 Apr 2026 21:34:18.067 * 1 changes in 15 seconds. Saving...
1712:M 29 Apr 2026 21:34:18.073 * Background saving started by pid 3358
3358:C 29 Apr 2026 21:34:18.083 * DB saved on disk
3358:C 29 Apr 2026 21:34:18.084 * Fork CoW for RDB: current 0 MB, peak 0 MB, average 0 MB
1712:M 29 Apr 2026 21:34:18.178 * Background saving terminated with success
1712:M 29 Apr 2026 21:36:03.088 * 1 changes in 15 seconds. Saving...
1712:M 29 Apr 2026 21:36:03.094 * Background saving started by pid 3475
3475:C 29 Apr 2026 21:36:03.100 * DB saved on disk
3475:C 29 Apr 2026 21:36:03.101 * Fork CoW for RDB: current 0 MB, peak 0 MB, average 0 MB
1712:M 29 Apr 2026 21:36:03.196 * Background saving terminated with success
1712:M 29 Apr 2026 21:36:19.063 * 1 changes in 15 seconds. Saving...
1712:M 29 Apr 2026 21:36:19.081 * Background saving started by pid 3491
3491:C 29 Apr 2026 21:36:19.091 * DB saved on disk
3491:C 29 Apr 2026 21:36:19.091 * Fork CoW for RDB: current 0 MB, peak 0 MB, average 0 MB
1712:M 29 Apr 2026 21:36:19.187 * Background saving terminated with success
1712:M 29 Apr 2026 21:36:35.078 * 1 changes in 15 seconds. Saving...
1712:M 29 Apr 2026 21:36:35.082 * Background saving started by pid 3502
3502:C 29 Apr 2026 21:36:35.090 * DB saved on disk
3502:C 29 Apr 2026 21:36:35.091 * Fork CoW for RDB: current 0 MB, peak 0 MB, average 0 MB
1712:M 29 Apr 2026 21:36:35.190 * Background saving terminated with success
1712:M 29 Apr 2026 21:36:51.011 * 1 changes in 15 seconds. Saving...
1712:M 29 Apr 2026 21:36:51.015 * Background saving started by pid 3516
3516:C 29 Apr 2026 21:36:51.021 * DB saved on disk
3516:C 29 Apr 2026 21:36:51.021 * Fork CoW for RDB: current 0 MB, peak 0 MB, average 0 MB
1712:M 29 Apr 2026 21:36:51.118 * Background saving terminated with success
1712:M 29 Apr 2026 21:47:10.791 * 1 changes in 15 seconds. Saving...
1712:M 29 Apr 2026 21:47:10.792 * Background saving started by pid 3919
3919:C 29 Apr 2026 21:47:10.795 * DB saved on disk
3919:C 29 Apr 2026 21:47:10.796 * Fork CoW for RDB: current 0 MB, peak 0 MB, average 0 MB
1712:M 29 Apr 2026 21:47:10.898 * Background saving terminated with success
1712:M 29 Apr 2026 21:47:26.002 * 1 changes in 15 seconds. Saving...
1712:M 29 Apr 2026 21:47:26.006 * Background saving started by pid 3937
3937:C 29 Apr 2026 21:47:26.014 * DB saved on disk
3937:C 29 Apr 2026 21:47:26.014 * Fork CoW for RDB: current 0 MB, peak 0 MB, average 0 MB
1712:M 29 Apr 2026 21:47:26.115 * Background saving terminated with success
1712:M 29 Apr 2026 21:47:42.020 * 1 changes in 15 seconds. Saving...
1712:M 29 Apr 2026 21:47:42.021 * Background saving started by pid 3948
3948:C 29 Apr 2026 21:47:42.027 * DB saved on disk
3948:C 29 Apr 2026 21:47:42.028 * Fork CoW for RDB: current 0 MB, peak 0 MB, average 0 MB
1712:M 29 Apr 2026 21:47:42.122 * Background saving terminated with success
1715:C 30 Apr 2026 10:34:05.483 * oO0OoO0OoO0Oo Redis is starting oO0OoO0OoO0Oo
1715:C 30 Apr 2026 10:34:05.483 * Redis version=7.4.8, bits=64, commit=00000000, modified=0, pid=1715, just started
1715:C 30 Apr 2026 10:34:05.483 * Configuration loaded
1715:M 30 Apr 2026 10:34:05.484 * monotonic clock: POSIX clock_gettime
1715:M 30 Apr 2026 10:34:05.486 * Running mode=standalone, port=6379.
1715:M 30 Apr 2026 10:34:05.487 * Server initialized
1715:M 30 Apr 2026 10:34:05.498 * Loading RDB produced by version 7.4.8
1715:M 30 Apr 2026 10:34:05.498 * RDB age 45983 seconds
1715:M 30 Apr 2026 10:34:05.498 * RDB memory usage when created 1.22 Mb
1715:M 30 Apr 2026 10:34:05.499 * Done loading RDB, keys loaded: 8, keys expired: 3.
1715:M 30 Apr 2026 10:34:05.499 * DB loaded from disk: 0.009 seconds
1715:M 30 Apr 2026 10:34:05.499 * Ready to accept connections tcp
1715:M 30 Apr 2026 10:34:22.676 * 1 changes in 15 seconds. Saving...
1715:M 30 Apr 2026 10:34:22.677 * Background saving started by pid 2057
2057:C 30 Apr 2026 10:34:22.722 * DB saved on disk
2057:C 30 Apr 2026 10:34:22.723 * Fork CoW for RDB: current 0 MB, peak 0 MB, average 0 MB
1715:M 30 Apr 2026 10:34:22.780 * Background saving terminated with success
1715:M 30 Apr 2026 10:34:38.006 * 1 changes in 15 seconds. Saving...
1715:M 30 Apr 2026 10:34:38.010 * Background saving started by pid 2109
2109:C 30 Apr 2026 10:34:38.018 * DB saved on disk
2109:C 30 Apr 2026 10:34:38.019 * Fork CoW for RDB: current 0 MB, peak 0 MB, average 0 MB
1715:M 30 Apr 2026 10:34:38.112 * Background saving terminated with success
1715:M 30 Apr 2026 10:34:54.016 * 1 changes in 15 seconds. Saving...
1715:M 30 Apr 2026 10:34:54.023 * Background saving started by pid 2120
2120:C 30 Apr 2026 10:34:54.029 * DB saved on disk
2120:C 30 Apr 2026 10:34:54.029 * Fork CoW for RDB: current 0 MB, peak 0 MB, average 0 MB
1715:M 30 Apr 2026 10:34:54.125 * Background saving terminated with success
1715:M 30 Apr 2026 10:35:10.073 * 1 changes in 15 seconds. Saving...
1715:M 30 Apr 2026 10:35:10.074 * Background saving started by pid 2132
2132:C 30 Apr 2026 10:35:10.082 * DB saved on disk
2132:C 30 Apr 2026 10:35:10.082 * Fork CoW for RDB: current 0 MB, peak 0 MB, average 0 MB
1715:M 30 Apr 2026 10:35:10.181 * Background saving terminated with success
1715:M 30 Apr 2026 10:36:17.637 * 1 changes in 15 seconds. Saving...
1715:M 30 Apr 2026 10:36:17.640 * Background saving started by pid 2182
2182:C 30 Apr 2026 10:36:17.645 * DB saved on disk
2182:C 30 Apr 2026 10:36:17.645 * Fork CoW for RDB: current 0 MB, peak 0 MB, average 0 MB
1715:M 30 Apr 2026 10:36:17.745 * Background saving terminated with success
1707:C 30 Apr 2026 10:42:40.515 * oO0OoO0OoO0Oo Redis is starting oO0OoO0OoO0Oo
1707:C 30 Apr 2026 10:42:40.515 * Redis version=7.4.8, bits=64, commit=00000000, modified=0, pid=1707, just started
1707:C 30 Apr 2026 10:42:40.515 * Configuration loaded
1707:M 30 Apr 2026 10:42:40.516 * monotonic clock: POSIX clock_gettime
1707:M 30 Apr 2026 10:42:40.518 * Running mode=standalone, port=6379.
1707:M 30 Apr 2026 10:42:40.519 * Server initialized
1707:M 30 Apr 2026 10:42:40.525 * Loading RDB produced by version 7.4.8
1707:M 30 Apr 2026 10:42:40.525 * RDB age 383 seconds
1707:M 30 Apr 2026 10:42:40.525 * RDB memory usage when created 1.24 Mb
1707:M 30 Apr 2026 10:42:40.525 * Done loading RDB, keys loaded: 11, keys expired: 0.
1707:M 30 Apr 2026 10:42:40.526 * DB loaded from disk: 0.004 seconds
1707:M 30 Apr 2026 10:42:40.526 * Ready to accept connections tcp
1707:M 30 Apr 2026 10:45:41.954 * 1 changes in 15 seconds. Saving...
1707:M 30 Apr 2026 10:45:41.964 * Background saving started by pid 2225
2225:C 30 Apr 2026 10:45:41.999 * DB saved on disk
2225:C 30 Apr 2026 10:45:42.000 * Fork CoW for RDB: current 0 MB, peak 0 MB, average 0 MB
1707:M 30 Apr 2026 10:45:42.087 * Background saving terminated with success
1707:M 30 Apr 2026 10:45:58.017 * 1 changes in 15 seconds. Saving...
1707:M 30 Apr 2026 10:45:58.020 * Background saving started by pid 2238
2238:C 30 Apr 2026 10:45:58.027 * DB saved on disk
2238:C 30 Apr 2026 10:45:58.028 * Fork CoW for RDB: current 0 MB, peak 0 MB, average 0 MB
1707:M 30 Apr 2026 10:45:58.122 * Background saving terminated with success
1707:M 30 Apr 2026 10:46:55.159 * 1 changes in 15 seconds. Saving...
1707:M 30 Apr 2026 10:46:55.162 * Background saving started by pid 2277
2277:C 30 Apr 2026 10:46:55.168 * DB saved on disk
2277:C 30 Apr 2026 10:46:55.168 * Fork CoW for RDB: current 0 MB, peak 0 MB, average 0 MB
1707:M 30 Apr 2026 10:46:55.268 * Background saving terminated with success
1707:M 30 Apr 2026 10:47:11.065 * 1 changes in 15 seconds. Saving...
1707:M 30 Apr 2026 10:47:11.070 * Background saving started by pid 2322
2322:C 30 Apr 2026 10:47:11.077 * DB saved on disk
2322:C 30 Apr 2026 10:47:11.077 * Fork CoW for RDB: current 0 MB, peak 0 MB, average 0 MB
1707:M 30 Apr 2026 10:47:11.177 * Background saving terminated with success
1707:M 30 Apr 2026 10:47:42.225 * 1 changes in 15 seconds. Saving...
1707:M 30 Apr 2026 10:47:42.228 * Background saving started by pid 2344
2344:C 30 Apr 2026 10:47:42.233 * DB saved on disk
2344:C 30 Apr 2026 10:47:42.233 * Fork CoW for RDB: current 0 MB, peak 0 MB, average 0 MB
1707:M 30 Apr 2026 10:47:42.335 * Background saving terminated with success
1707:M 30 Apr 2026 10:47:58.096 * 1 changes in 15 seconds. Saving...
1707:M 30 Apr 2026 10:47:58.103 * Background saving started by pid 2357
2357:C 30 Apr 2026 10:47:58.112 * DB saved on disk
2357:C 30 Apr 2026 10:47:58.113 * Fork CoW for RDB: current 0 MB, peak 0 MB, average 0 MB
1707:M 30 Apr 2026 10:47:58.206 * Background saving terminated with success
1707:M 30 Apr 2026 10:48:14.013 * 1 changes in 15 seconds. Saving...
1707:M 30 Apr 2026 10:48:14.025 * Background saving started by pid 2367
2367:C 30 Apr 2026 10:48:14.034 * DB saved on disk
2367:C 30 Apr 2026 10:48:14.034 * Fork CoW for RDB: current 0 MB, peak 0 MB, average 0 MB
1707:M 30 Apr 2026 10:48:14.131 * Background saving terminated with success
1706:C 30 Apr 2026 10:49:13.454 * oO0OoO0OoO0Oo Redis is starting oO0OoO0OoO0Oo
1706:C 30 Apr 2026 10:49:13.454 * Redis version=7.4.8, bits=64, commit=00000000, modified=0, pid=1706, just started
1706:C 30 Apr 2026 10:49:13.454 * Configuration loaded
1706:M 30 Apr 2026 10:49:13.455 * monotonic clock: POSIX clock_gettime
1706:M 30 Apr 2026 10:49:13.456 * Running mode=standalone, port=6379.
1706:M 30 Apr 2026 10:49:13.456 * Server initialized
1706:M 30 Apr 2026 10:49:13.459 * Loading RDB produced by version 7.4.8
1706:M 30 Apr 2026 10:49:13.459 * RDB age 59 seconds
1706:M 30 Apr 2026 10:49:13.459 * RDB memory usage when created 1.22 Mb
1706:M 30 Apr 2026 10:49:13.459 * Done loading RDB, keys loaded: 11, keys expired: 0.
1706:M 30 Apr 2026 10:49:13.459 * DB loaded from disk: 0.003 seconds
1706:M 30 Apr 2026 10:49:13.460 * Ready to accept connections tcp
1706:M 30 Apr 2026 10:50:01.827 * 1 changes in 15 seconds. Saving...
1706:M 30 Apr 2026 10:50:01.829 * Background saving started by pid 2105
2105:C 30 Apr 2026 10:50:01.844 * DB saved on disk
2105:C 30 Apr 2026 10:50:01.844 * Fork CoW for RDB: current 0 MB, peak 0 MB, average 0 MB
1706:M 30 Apr 2026 10:50:01.930 * Background saving terminated with success
1706:M 30 Apr 2026 10:50:17.081 * 1 changes in 15 seconds. Saving...
1706:M 30 Apr 2026 10:50:17.085 * Background saving started by pid 2144
2144:C 30 Apr 2026 10:50:17.093 * DB saved on disk
2144:C 30 Apr 2026 10:50:17.093 * Fork CoW for RDB: current 0 MB, peak 0 MB, average 0 MB
1706:M 30 Apr 2026 10:50:17.186 * Background saving terminated with success
1706:M 30 Apr 2026 10:53:30.156 * 1 changes in 15 seconds. Saving...
1706:M 30 Apr 2026 10:53:30.160 * Background saving started by pid 2467
2467:C 30 Apr 2026 10:53:30.165 * DB saved on disk
2467:C 30 Apr 2026 10:53:30.165 * Fork CoW for RDB: current 0 MB, peak 0 MB, average 0 MB
1706:M 30 Apr 2026 10:53:30.266 * Background saving terminated with success
1706:M 30 Apr 2026 10:56:19.097 * 1 changes in 15 seconds. Saving...
1706:M 30 Apr 2026 10:56:19.101 * Background saving started by pid 2907
2907:C 30 Apr 2026 10:56:19.107 * DB saved on disk
2907:C 30 Apr 2026 10:56:19.108 * Fork CoW for RDB: current 0 MB, peak 0 MB, average 0 MB
1706:M 30 Apr 2026 10:56:19.203 * Background saving terminated with success
1706:M 30 Apr 2026 10:56:35.081 * 1 changes in 15 seconds. Saving...
1706:M 30 Apr 2026 10:56:35.085 * Background saving started by pid 2929
2929:C 30 Apr 2026 10:56:35.092 * DB saved on disk
2929:C 30 Apr 2026 10:56:35.093 * Fork CoW for RDB: current 0 MB, peak 0 MB, average 0 MB
1706:M 30 Apr 2026 10:56:35.187 * Background saving terminated with success
1706:M 30 Apr 2026 10:57:32.217 * 1 changes in 15 seconds. Saving...
1706:M 30 Apr 2026 10:57:32.219 * Background saving started by pid 2970
2970:C 30 Apr 2026 10:57:32.228 * DB saved on disk
2970:C 30 Apr 2026 10:57:32.229 * Fork CoW for RDB: current 0 MB, peak 0 MB, average 0 MB
1706:M 30 Apr 2026 10:57:32.321 * Background saving terminated with success
1706:M 30 Apr 2026 10:57:48.097 * 1 changes in 15 seconds. Saving...
1706:M 30 Apr 2026 10:57:48.105 * Background saving started by pid 2987
2987:C 30 Apr 2026 10:57:48.109 * DB saved on disk
2987:C 30 Apr 2026 10:57:48.109 * Fork CoW for RDB: current 0 MB, peak 0 MB, average 0 MB
1706:M 30 Apr 2026 10:57:48.211 * Background saving terminated with success
