2026-04-29 18:14:37,985 CRIT Supervisor is running as root.  Privileges were not dropped because no user is specified in the config file.  If you intend to run as root, you can set user=root in the config file to avoid this message.
2026-04-29 18:14:37,985 INFO Included extra file "/tmp/appsmith/supervisor-conf.d/backend.conf" during parsing
2026-04-29 18:14:37,985 INFO Included extra file "/tmp/appsmith/supervisor-conf.d/editor.conf" during parsing
2026-04-29 18:14:37,985 INFO Included extra file "/tmp/appsmith/supervisor-conf.d/mongodb.conf" during parsing
2026-04-29 18:14:37,985 INFO Included extra file "/tmp/appsmith/supervisor-conf.d/postgres.conf" during parsing
2026-04-29 18:14:37,985 INFO Included extra file "/tmp/appsmith/supervisor-conf.d/redis.conf" during parsing
2026-04-29 18:14:37,985 INFO Included extra file "/tmp/appsmith/supervisor-conf.d/rts.conf" during parsing
2026-04-29 18:14:37,988 INFO RPC interface 'supervisor' initialized
2026-04-29 18:14:37,988 INFO RPC interface 'supervisor' initialized
2026-04-29 18:14:37,988 CRIT Server 'unix_http_server' running without any HTTP authentication checking
2026-04-29 18:14:37,989 INFO supervisord started with pid 1
2026-04-29 18:14:38,278 INFO spawned: 'stdout' with pid 1942
2026-04-29 18:14:38,281 INFO spawned: 'redis' with pid 1943
2026-04-29 18:14:38,282 INFO spawned: 'mongodb' with pid 1944
2026-04-29 18:14:38,284 INFO spawned: 'rts' with pid 1945
2026-04-29 18:14:38,287 INFO spawned: 'backend' with pid 1946
2026-04-29 18:14:38,291 INFO spawned: 'editor' with pid 1955
2026-04-29 18:14:38,295 INFO spawned: 'postgres' with pid 1959
2026-04-29 18:14:38,300 INFO success: redis entered RUNNING state, process has stayed up for > than 0 seconds (startsecs)
2026-04-29 18:14:38,300 INFO success: rts entered RUNNING state, process has stayed up for > than 0 seconds (startsecs)
2026-04-29 18:14:38,300 INFO success: editor entered RUNNING state, process has stayed up for > than 0 seconds (startsecs)
2026-04-29 18:14:38,467 INFO reaped unknown pid 92 (exit status 0)
2026-04-29 18:14:39,338 INFO success: stdout entered RUNNING state, process has stayed up for > than 1 seconds (startsecs)
2026-04-29 18:14:39,338 INFO success: postgres entered RUNNING state, process has stayed up for > than 1 seconds (startsecs)
2026-04-29 18:14:40,258 INFO reaped unknown pid 122 (exit status 0)
2026-04-29 18:14:48,701 INFO success: mongodb entered RUNNING state, process has stayed up for > than 10 seconds (startsecs)
2026-04-29 18:14:58,328 INFO success: backend entered RUNNING state, process has stayed up for > than 20 seconds (startsecs)
2026-04-29 19:31:17,516 WARN received SIGTERM indicating exit request
2026-04-29 19:31:17,521 INFO waiting for stdout, redis, mongodb, rts, backend, editor, postgres to die
